ophtha_ma/img/C0000886.tif ophtha_ma/label/C0000886.tif
ophtha_ma/img/C0000887.tif ophtha_ma/label/C0000887.tif
ophtha_ma/img/C0001273.tif ophtha_ma/label/C0001273.tif
ophtha_ma/img/C0001274.tif ophtha_ma/label/C0001274.tif
ophtha_ma/img/C0001275.tif ophtha_ma/label/C0001275.tif
ophtha_ma/img/C0001276.tif ophtha_ma/label/C0001276.tif
ophtha_ma/img/C0001365.tif ophtha_ma/label/C0001365.tif
ophtha_ma/img/C0001883.tif ophtha_ma/label/C0001883.tif
ophtha_ma/img/C0001884.tif ophtha_ma/label/C0001884.tif
ophtha_ma/img/C0001885.tif ophtha_ma/label/C0001885.tif
ophtha_ma/img/C0001886.tif ophtha_ma/label/C0001886.tif
ophtha_ma/img/C0003164.tif ophtha_ma/label/C0003164.tif
ophtha_ma/img/C0003181.tif ophtha_ma/label/C0003181.tif
ophtha_ma/img/C0003183.tif ophtha_ma/label/C0003183.tif
ophtha_ma/img/C0003222.tif ophtha_ma/label/C0003222.tif
ophtha_ma/img/C0003226.tif ophtha_ma/label/C0003226.tif
ophtha_ma/img/C0004246.tif ophtha_ma/label/C0004246.tif
ophtha_ma/img/C0004249.tif ophtha_ma/label/C0004249.tif
ophtha_ma/img/C0005450.tif ophtha_ma/label/C0005450.tif
ophtha_ma/img/C0005454.tif ophtha_ma/label/C0005454.tif
ophtha_ma/img/C0006326.tif ophtha_ma/label/C0006326.tif
ophtha_ma/img/C0007102.tif ophtha_ma/label/C0007102.tif
ophtha_ma/img/C0007104.tif ophtha_ma/label/C0007104.tif
ophtha_ma/img/C0007105.tif ophtha_ma/label/C0007105.tif
ophtha_ma/img/C0007106.tif ophtha_ma/label/C0007106.tif
ophtha_ma/img/C0007155.tif ophtha_ma/label/C0007155.tif
ophtha_ma/img/C0007156.tif ophtha_ma/label/C0007156.tif
ophtha_ma/img/C0007157.tif ophtha_ma/label/C0007157.tif
ophtha_ma/img/C0007158.tif ophtha_ma/label/C0007158.tif
ophtha_ma/img/C0022963.tif ophtha_ma/label/C0022963.tif
ophtha_ma/img/C0022966.tif ophtha_ma/label/C0022966.tif
ophtha_ma/img/C0024245.tif ophtha_ma/label/C0024245.tif
ophtha_ma/img/C0024250.tif ophtha_ma/label/C0024250.tif
ophtha_ma/img/C0024251.tif ophtha_ma/label/C0024251.tif
ophtha_ma/img/C0024252.tif ophtha_ma/label/C0024252.tif
ophtha_ma/img/C0024340.tif ophtha_ma/label/C0024340.tif
ophtha_ma/img/C0024341.tif ophtha_ma/label/C0024341.tif
ophtha_ma/img/C0024407.tif ophtha_ma/label/C0024407.tif
ophtha_ma/img/C0024408.tif ophtha_ma/label/C0024408.tif
ophtha_ma/img/C0024411.tif ophtha_ma/label/C0024411.tif
ophtha_ma/img/C0024413.tif ophtha_ma/label/C0024413.tif
ophtha_ma/img/C0024414.tif ophtha_ma/label/C0024414.tif
ophtha_ma/img/C0024415.tif ophtha_ma/label/C0024415.tif
ophtha_ma/img/C0024418.tif ophtha_ma/label/C0024418.tif
ophtha_ma/img/C0024544.tif ophtha_ma/label/C0024544.tif
ophtha_ma/img/C0024545.tif ophtha_ma/label/C0024545.tif
ophtha_ma/img/C0025303.tif ophtha_ma/label/C0025303.tif
ophtha_ma/img/C0025305.tif ophtha_ma/label/C0025305.tif
ophtha_ma/img/C0025307.tif ophtha_ma/label/C0025307.tif
ophtha_ma/img/C0030395.tif ophtha_ma/label/C0030395.tif
ophtha_ma/img/C0030399.tif ophtha_ma/label/C0030399.tif
ophtha_ma/img/C0030692.tif ophtha_ma/label/C0030692.tif
ophtha_ma/img/C0030694.tif ophtha_ma/label/C0030694.tif
ophtha_ma/img/C0030734.tif ophtha_ma/label/C0030734.tif
ophtha_ma/img/C0030735.tif ophtha_ma/label/C0030735.tif
ophtha_ma/img/C0030737.tif ophtha_ma/label/C0030737.tif
ophtha_ma/img/C0032812.tif ophtha_ma/label/C0032812.tif
ophtha_ma/img/C0032814.tif ophtha_ma/label/C0032814.tif
ophtha_ma/img/C0032817.tif ophtha_ma/label/C0032817.tif
ophtha_ma/img/C0032886.tif ophtha_ma/label/C0032886.tif
ophtha_ma/img/DS00008G.tif ophtha_ma/label/DS00008G.tif
ophtha_ma/img/DS00008I.tif ophtha_ma/label/DS00008I.tif
ophtha_ma/img/DS00008J.tif ophtha_ma/label/DS00008J.tif
ophtha_ma/img/DS00076H.tif ophtha_ma/label/DS00076H.tif
ophtha_ma/img/DS00076I.tif ophtha_ma/label/DS00076I.tif
ophtha_ma/img/DS00091A.tif ophtha_ma/label/DS00091A.tif
ophtha_ma/img/DS00091B.tif ophtha_ma/label/DS00091B.tif
ophtha_ma/img/DS000B1H.tif ophtha_ma/label/DS000B1H.tif
ophtha_ma/img/DS000B1I.tif ophtha_ma/label/DS000B1I.tif
ophtha_ma/img/DS000B1J.tif ophtha_ma/label/DS000B1J.tif
ophtha_ma/img/DS000DBO.tif ophtha_ma/label/DS000DBO.tif
ophtha_ma/img/DS000DBP.tif ophtha_ma/label/DS000DBP.tif
ophtha_ma/img/DS000DBQ.tif ophtha_ma/label/DS000DBQ.tif
ophtha_ma/img/DS000DBR.tif ophtha_ma/label/DS000DBR.tif
ophtha_ma/img/DS000DGS.tif ophtha_ma/label/DS000DGS.tif
ophtha_ma/img/DS000DPJ.tif ophtha_ma/label/DS000DPJ.tif
ophtha_ma/img/DS000DPL.tif ophtha_ma/label/DS000DPL.tif
ophtha_ma/img/DS000E6N.tif ophtha_ma/label/DS000E6N.tif
ophtha_ma/img/DS000F4J.tif ophtha_ma/label/DS000F4J.tif
ophtha_ma/img/DS000F4K.tif ophtha_ma/label/DS000F4K.tif
ophtha_ma/img/DS000FBC.tif ophtha_ma/label/DS000FBC.tif
ophtha_ma/img/DS000FBD.tif ophtha_ma/label/DS000FBD.tif
ophtha_ma/img/DS000FBF.tif ophtha_ma/label/DS000FBF.tif
ophtha_ma/img/DS000FGD.tif ophtha_ma/label/DS000FGD.tif
ophtha_ma/img/DS000FGE.tif ophtha_ma/label/DS000FGE.tif
ophtha_ma/img/DS000FGF.tif ophtha_ma/label/DS000FGF.tif
ophtha_ma/img/DS000FMH.tif ophtha_ma/label/DS000FMH.tif
ophtha_ma/img/DS000FOK.tif ophtha_ma/label/DS000FOK.tif
ophtha_ma/img/DS000FOL.tif ophtha_ma/label/DS000FOL.tif
ophtha_ma/img/DS000FOM.tif ophtha_ma/label/DS000FOM.tif
ophtha_ma/img/DS000GH5.tif ophtha_ma/label/DS000GH5.tif
ophtha_ma/img/DS000GH6.tif ophtha_ma/label/DS000GH6.tif
ophtha_ma/img/DS000H04.tif ophtha_ma/label/DS000H04.tif
ophtha_ma/img/DS000HVE.tif ophtha_ma/label/DS000HVE.tif
ophtha_ma/img/DS000HVG.tif ophtha_ma/label/DS000HVG.tif
ophtha_ma/img/DS000HVH.tif ophtha_ma/label/DS000HVH.tif
ophtha_ma/img/DS000HVI.tif ophtha_ma/label/DS000HVI.tif
ophtha_ma/img/DS000HXJ.tif ophtha_ma/label/DS000HXJ.tif
ophtha_ma/img/DS000HXK.tif ophtha_ma/label/DS000HXK.tif
ophtha_ma/img/DS000HXL.tif ophtha_ma/label/DS000HXL.tif
ophtha_ma/img/DS000I6W.tif ophtha_ma/label/DS000I6W.tif
ophtha_ma/img/DS000I6X.tif ophtha_ma/label/DS000I6X.tif
ophtha_ma/img/DS000I6Z.tif ophtha_ma/label/DS000I6Z.tif
ophtha_ma/img/DS000N9X.tif ophtha_ma/label/DS000N9X.tif
ophtha_ma/img/DS000N9Y.tif ophtha_ma/label/DS000N9Y.tif
ophtha_ma/img/DS000N9Z.tif ophtha_ma/label/DS000N9Z.tif
ophtha_ma/img/DS000NA1.tif ophtha_ma/label/DS000NA1.tif
ophtha_ma/img/DS000OQB.tif ophtha_ma/label/DS000OQB.tif
ophtha_ma/img/DS000QA2.tif ophtha_ma/label/DS000QA2.tif
ophtha_ma/img/DS000STU.tif ophtha_ma/label/DS000STU.tif
ophtha_ma/img/DS000STW.tif ophtha_ma/label/DS000STW.tif
ophtha_ma/img/DS000TZ5.tif ophtha_ma/label/DS000TZ5.tif
ophtha_ma/img/DS000U30.tif ophtha_ma/label/DS000U30.tif
ophtha_ma/img/DS000U4U.tif ophtha_ma/label/DS000U4U.tif
ophtha_ma/img/DS000V1O.tif ophtha_ma/label/DS000V1O.tif
ophtha_ma/img/DS000V1R.tif ophtha_ma/label/DS000V1R.tif
ophtha_ma/img/DS000V6O.tif ophtha_ma/label/DS000V6O.tif
ophtha_ma/img/DS000V6S.tif ophtha_ma/label/DS000V6S.tif
ophtha_ma/img/DS000VCN.tif ophtha_ma/label/DS000VCN.tif
ophtha_ma/img_90/C0000886.tif ophtha_ma/label_90/C0000886.tif
ophtha_ma/img_90/C0000887.tif ophtha_ma/label_90/C0000887.tif
ophtha_ma/img_90/C0001273.tif ophtha_ma/label_90/C0001273.tif
ophtha_ma/img_90/C0001274.tif ophtha_ma/label_90/C0001274.tif
ophtha_ma/img_90/C0001275.tif ophtha_ma/label_90/C0001275.tif
ophtha_ma/img_90/C0001276.tif ophtha_ma/label_90/C0001276.tif
ophtha_ma/img_90/C0001365.tif ophtha_ma/label_90/C0001365.tif
ophtha_ma/img_90/C0001883.tif ophtha_ma/label_90/C0001883.tif
ophtha_ma/img_90/C0001884.tif ophtha_ma/label_90/C0001884.tif
ophtha_ma/img_90/C0001885.tif ophtha_ma/label_90/C0001885.tif
ophtha_ma/img_90/C0001886.tif ophtha_ma/label_90/C0001886.tif
ophtha_ma/img_90/C0003164.tif ophtha_ma/label_90/C0003164.tif
ophtha_ma/img_90/C0003181.tif ophtha_ma/label_90/C0003181.tif
ophtha_ma/img_90/C0003183.tif ophtha_ma/label_90/C0003183.tif
ophtha_ma/img_90/C0003222.tif ophtha_ma/label_90/C0003222.tif
ophtha_ma/img_90/C0003226.tif ophtha_ma/label_90/C0003226.tif
ophtha_ma/img_90/C0004246.tif ophtha_ma/label_90/C0004246.tif
ophtha_ma/img_90/C0004249.tif ophtha_ma/label_90/C0004249.tif
ophtha_ma/img_90/C0005450.tif ophtha_ma/label_90/C0005450.tif
ophtha_ma/img_90/C0005454.tif ophtha_ma/label_90/C0005454.tif
ophtha_ma/img_90/C0006326.tif ophtha_ma/label_90/C0006326.tif
ophtha_ma/img_90/C0007102.tif ophtha_ma/label_90/C0007102.tif
ophtha_ma/img_90/C0007104.tif ophtha_ma/label_90/C0007104.tif
ophtha_ma/img_90/C0007105.tif ophtha_ma/label_90/C0007105.tif
ophtha_ma/img_90/C0007106.tif ophtha_ma/label_90/C0007106.tif
ophtha_ma/img_90/C0007155.tif ophtha_ma/label_90/C0007155.tif
ophtha_ma/img_90/C0007156.tif ophtha_ma/label_90/C0007156.tif
ophtha_ma/img_90/C0007157.tif ophtha_ma/label_90/C0007157.tif
ophtha_ma/img_90/C0007158.tif ophtha_ma/label_90/C0007158.tif
ophtha_ma/img_90/C0022963.tif ophtha_ma/label_90/C0022963.tif
ophtha_ma/img_90/C0022966.tif ophtha_ma/label_90/C0022966.tif
ophtha_ma/img_90/C0024245.tif ophtha_ma/label_90/C0024245.tif
ophtha_ma/img_90/C0024250.tif ophtha_ma/label_90/C0024250.tif
ophtha_ma/img_90/C0024251.tif ophtha_ma/label_90/C0024251.tif
ophtha_ma/img_90/C0024252.tif ophtha_ma/label_90/C0024252.tif
ophtha_ma/img_90/C0024340.tif ophtha_ma/label_90/C0024340.tif
ophtha_ma/img_90/C0024341.tif ophtha_ma/label_90/C0024341.tif
ophtha_ma/img_90/C0024407.tif ophtha_ma/label_90/C0024407.tif
ophtha_ma/img_90/C0024408.tif ophtha_ma/label_90/C0024408.tif
ophtha_ma/img_90/C0024411.tif ophtha_ma/label_90/C0024411.tif
ophtha_ma/img_90/C0024413.tif ophtha_ma/label_90/C0024413.tif
ophtha_ma/img_90/C0024414.tif ophtha_ma/label_90/C0024414.tif
ophtha_ma/img_90/C0024415.tif ophtha_ma/label_90/C0024415.tif
ophtha_ma/img_90/C0024418.tif ophtha_ma/label_90/C0024418.tif
ophtha_ma/img_90/C0024544.tif ophtha_ma/label_90/C0024544.tif
ophtha_ma/img_90/C0024545.tif ophtha_ma/label_90/C0024545.tif
ophtha_ma/img_90/C0025303.tif ophtha_ma/label_90/C0025303.tif
ophtha_ma/img_90/C0025305.tif ophtha_ma/label_90/C0025305.tif
ophtha_ma/img_90/C0025307.tif ophtha_ma/label_90/C0025307.tif
ophtha_ma/img_90/C0030395.tif ophtha_ma/label_90/C0030395.tif
ophtha_ma/img_90/C0030399.tif ophtha_ma/label_90/C0030399.tif
ophtha_ma/img_90/C0030692.tif ophtha_ma/label_90/C0030692.tif
ophtha_ma/img_90/C0030694.tif ophtha_ma/label_90/C0030694.tif
ophtha_ma/img_90/C0030734.tif ophtha_ma/label_90/C0030734.tif
ophtha_ma/img_90/C0030735.tif ophtha_ma/label_90/C0030735.tif
ophtha_ma/img_90/C0030737.tif ophtha_ma/label_90/C0030737.tif
ophtha_ma/img_90/C0032812.tif ophtha_ma/label_90/C0032812.tif
ophtha_ma/img_90/C0032814.tif ophtha_ma/label_90/C0032814.tif
ophtha_ma/img_90/C0032817.tif ophtha_ma/label_90/C0032817.tif
ophtha_ma/img_90/C0032886.tif ophtha_ma/label_90/C0032886.tif
ophtha_ma/img_90/DS00008G.tif ophtha_ma/label_90/DS00008G.tif
ophtha_ma/img_90/DS00008I.tif ophtha_ma/label_90/DS00008I.tif
ophtha_ma/img_90/DS00008J.tif ophtha_ma/label_90/DS00008J.tif
ophtha_ma/img_90/DS00076H.tif ophtha_ma/label_90/DS00076H.tif
ophtha_ma/img_90/DS00076I.tif ophtha_ma/label_90/DS00076I.tif
ophtha_ma/img_90/DS00091A.tif ophtha_ma/label_90/DS00091A.tif
ophtha_ma/img_90/DS00091B.tif ophtha_ma/label_90/DS00091B.tif
ophtha_ma/img_90/DS000B1H.tif ophtha_ma/label_90/DS000B1H.tif
ophtha_ma/img_90/DS000B1I.tif ophtha_ma/label_90/DS000B1I.tif
ophtha_ma/img_90/DS000B1J.tif ophtha_ma/label_90/DS000B1J.tif
ophtha_ma/img_90/DS000DBO.tif ophtha_ma/label_90/DS000DBO.tif
ophtha_ma/img_90/DS000DBP.tif ophtha_ma/label_90/DS000DBP.tif
ophtha_ma/img_90/DS000DBQ.tif ophtha_ma/label_90/DS000DBQ.tif
ophtha_ma/img_90/DS000DBR.tif ophtha_ma/label_90/DS000DBR.tif
ophtha_ma/img_90/DS000DGS.tif ophtha_ma/label_90/DS000DGS.tif
ophtha_ma/img_90/DS000DPJ.tif ophtha_ma/label_90/DS000DPJ.tif
ophtha_ma/img_90/DS000DPL.tif ophtha_ma/label_90/DS000DPL.tif
ophtha_ma/img_90/DS000E6N.tif ophtha_ma/label_90/DS000E6N.tif
ophtha_ma/img_90/DS000F4J.tif ophtha_ma/label_90/DS000F4J.tif
ophtha_ma/img_90/DS000F4K.tif ophtha_ma/label_90/DS000F4K.tif
ophtha_ma/img_90/DS000FBC.tif ophtha_ma/label_90/DS000FBC.tif
ophtha_ma/img_90/DS000FBD.tif ophtha_ma/label_90/DS000FBD.tif
ophtha_ma/img_90/DS000FBF.tif ophtha_ma/label_90/DS000FBF.tif
ophtha_ma/img_90/DS000FGD.tif ophtha_ma/label_90/DS000FGD.tif
ophtha_ma/img_90/DS000FGE.tif ophtha_ma/label_90/DS000FGE.tif
ophtha_ma/img_90/DS000FGF.tif ophtha_ma/label_90/DS000FGF.tif
ophtha_ma/img_90/DS000FMH.tif ophtha_ma/label_90/DS000FMH.tif
ophtha_ma/img_90/DS000FOK.tif ophtha_ma/label_90/DS000FOK.tif
ophtha_ma/img_90/DS000FOL.tif ophtha_ma/label_90/DS000FOL.tif
ophtha_ma/img_90/DS000FOM.tif ophtha_ma/label_90/DS000FOM.tif
ophtha_ma/img_90/DS000GH5.tif ophtha_ma/label_90/DS000GH5.tif
ophtha_ma/img_90/DS000GH6.tif ophtha_ma/label_90/DS000GH6.tif
ophtha_ma/img_90/DS000H04.tif ophtha_ma/label_90/DS000H04.tif
ophtha_ma/img_90/DS000HVE.tif ophtha_ma/label_90/DS000HVE.tif
ophtha_ma/img_90/DS000HVG.tif ophtha_ma/label_90/DS000HVG.tif
ophtha_ma/img_90/DS000HVH.tif ophtha_ma/label_90/DS000HVH.tif
ophtha_ma/img_90/DS000HVI.tif ophtha_ma/label_90/DS000HVI.tif
ophtha_ma/img_90/DS000HXJ.tif ophtha_ma/label_90/DS000HXJ.tif
ophtha_ma/img_90/DS000HXK.tif ophtha_ma/label_90/DS000HXK.tif
ophtha_ma/img_90/DS000HXL.tif ophtha_ma/label_90/DS000HXL.tif
ophtha_ma/img_90/DS000I6W.tif ophtha_ma/label_90/DS000I6W.tif
ophtha_ma/img_90/DS000I6X.tif ophtha_ma/label_90/DS000I6X.tif
ophtha_ma/img_90/DS000I6Z.tif ophtha_ma/label_90/DS000I6Z.tif
ophtha_ma/img_90/DS000N9X.tif ophtha_ma/label_90/DS000N9X.tif
ophtha_ma/img_90/DS000N9Y.tif ophtha_ma/label_90/DS000N9Y.tif
ophtha_ma/img_90/DS000N9Z.tif ophtha_ma/label_90/DS000N9Z.tif
ophtha_ma/img_90/DS000NA1.tif ophtha_ma/label_90/DS000NA1.tif
ophtha_ma/img_90/DS000OQB.tif ophtha_ma/label_90/DS000OQB.tif
ophtha_ma/img_90/DS000QA2.tif ophtha_ma/label_90/DS000QA2.tif
ophtha_ma/img_90/DS000STU.tif ophtha_ma/label_90/DS000STU.tif
ophtha_ma/img_90/DS000STW.tif ophtha_ma/label_90/DS000STW.tif
ophtha_ma/img_90/DS000TZ5.tif ophtha_ma/label_90/DS000TZ5.tif
ophtha_ma/img_90/DS000U30.tif ophtha_ma/label_90/DS000U30.tif
ophtha_ma/img_90/DS000U4U.tif ophtha_ma/label_90/DS000U4U.tif
ophtha_ma/img_90/DS000V1O.tif ophtha_ma/label_90/DS000V1O.tif
ophtha_ma/img_90/DS000V1R.tif ophtha_ma/label_90/DS000V1R.tif
ophtha_ma/img_90/DS000V6O.tif ophtha_ma/label_90/DS000V6O.tif
ophtha_ma/img_90/DS000V6S.tif ophtha_ma/label_90/DS000V6S.tif
ophtha_ma/img_90/DS000VCN.tif ophtha_ma/label_90/DS000VCN.tif
ophtha_ma/img_180/C0000886.tif ophtha_ma/label_180/C0000886.tif
ophtha_ma/img_180/C0000887.tif ophtha_ma/label_180/C0000887.tif
ophtha_ma/img_180/C0001273.tif ophtha_ma/label_180/C0001273.tif
ophtha_ma/img_180/C0001274.tif ophtha_ma/label_180/C0001274.tif
ophtha_ma/img_180/C0001275.tif ophtha_ma/label_180/C0001275.tif
ophtha_ma/img_180/C0001276.tif ophtha_ma/label_180/C0001276.tif
ophtha_ma/img_180/C0001365.tif ophtha_ma/label_180/C0001365.tif
ophtha_ma/img_180/C0001883.tif ophtha_ma/label_180/C0001883.tif
ophtha_ma/img_180/C0001884.tif ophtha_ma/label_180/C0001884.tif
ophtha_ma/img_180/C0001885.tif ophtha_ma/label_180/C0001885.tif
ophtha_ma/img_180/C0001886.tif ophtha_ma/label_180/C0001886.tif
ophtha_ma/img_180/C0003164.tif ophtha_ma/label_180/C0003164.tif
ophtha_ma/img_180/C0003181.tif ophtha_ma/label_180/C0003181.tif
ophtha_ma/img_180/C0003183.tif ophtha_ma/label_180/C0003183.tif
ophtha_ma/img_180/C0003222.tif ophtha_ma/label_180/C0003222.tif
ophtha_ma/img_180/C0003226.tif ophtha_ma/label_180/C0003226.tif
ophtha_ma/img_180/C0004246.tif ophtha_ma/label_180/C0004246.tif
ophtha_ma/img_180/C0004249.tif ophtha_ma/label_180/C0004249.tif
ophtha_ma/img_180/C0005450.tif ophtha_ma/label_180/C0005450.tif
ophtha_ma/img_180/C0005454.tif ophtha_ma/label_180/C0005454.tif
ophtha_ma/img_180/C0006326.tif ophtha_ma/label_180/C0006326.tif
ophtha_ma/img_180/C0007102.tif ophtha_ma/label_180/C0007102.tif
ophtha_ma/img_180/C0007104.tif ophtha_ma/label_180/C0007104.tif
ophtha_ma/img_180/C0007105.tif ophtha_ma/label_180/C0007105.tif
ophtha_ma/img_180/C0007106.tif ophtha_ma/label_180/C0007106.tif
ophtha_ma/img_180/C0007155.tif ophtha_ma/label_180/C0007155.tif
ophtha_ma/img_180/C0007156.tif ophtha_ma/label_180/C0007156.tif
ophtha_ma/img_180/C0007157.tif ophtha_ma/label_180/C0007157.tif
ophtha_ma/img_180/C0007158.tif ophtha_ma/label_180/C0007158.tif
ophtha_ma/img_180/C0022963.tif ophtha_ma/label_180/C0022963.tif
ophtha_ma/img_180/C0022966.tif ophtha_ma/label_180/C0022966.tif
ophtha_ma/img_180/C0024245.tif ophtha_ma/label_180/C0024245.tif
ophtha_ma/img_180/C0024250.tif ophtha_ma/label_180/C0024250.tif
ophtha_ma/img_180/C0024251.tif ophtha_ma/label_180/C0024251.tif
ophtha_ma/img_180/C0024252.tif ophtha_ma/label_180/C0024252.tif
ophtha_ma/img_180/C0024340.tif ophtha_ma/label_180/C0024340.tif
ophtha_ma/img_180/C0024341.tif ophtha_ma/label_180/C0024341.tif
ophtha_ma/img_180/C0024407.tif ophtha_ma/label_180/C0024407.tif
ophtha_ma/img_180/C0024408.tif ophtha_ma/label_180/C0024408.tif
ophtha_ma/img_180/C0024411.tif ophtha_ma/label_180/C0024411.tif
ophtha_ma/img_180/C0024413.tif ophtha_ma/label_180/C0024413.tif
ophtha_ma/img_180/C0024414.tif ophtha_ma/label_180/C0024414.tif
ophtha_ma/img_180/C0024415.tif ophtha_ma/label_180/C0024415.tif
ophtha_ma/img_180/C0024418.tif ophtha_ma/label_180/C0024418.tif
ophtha_ma/img_180/C0024544.tif ophtha_ma/label_180/C0024544.tif
ophtha_ma/img_180/C0024545.tif ophtha_ma/label_180/C0024545.tif
ophtha_ma/img_180/C0025303.tif ophtha_ma/label_180/C0025303.tif
ophtha_ma/img_180/C0025305.tif ophtha_ma/label_180/C0025305.tif
ophtha_ma/img_180/C0025307.tif ophtha_ma/label_180/C0025307.tif
ophtha_ma/img_180/C0030395.tif ophtha_ma/label_180/C0030395.tif
ophtha_ma/img_180/C0030399.tif ophtha_ma/label_180/C0030399.tif
ophtha_ma/img_180/C0030692.tif ophtha_ma/label_180/C0030692.tif
ophtha_ma/img_180/C0030694.tif ophtha_ma/label_180/C0030694.tif
ophtha_ma/img_180/C0030734.tif ophtha_ma/label_180/C0030734.tif
ophtha_ma/img_180/C0030735.tif ophtha_ma/label_180/C0030735.tif
ophtha_ma/img_180/C0030737.tif ophtha_ma/label_180/C0030737.tif
ophtha_ma/img_180/C0032812.tif ophtha_ma/label_180/C0032812.tif
ophtha_ma/img_180/C0032814.tif ophtha_ma/label_180/C0032814.tif
ophtha_ma/img_180/C0032817.tif ophtha_ma/label_180/C0032817.tif
ophtha_ma/img_180/C0032886.tif ophtha_ma/label_180/C0032886.tif
ophtha_ma/img_180/DS00008G.tif ophtha_ma/label_180/DS00008G.tif
ophtha_ma/img_180/DS00008I.tif ophtha_ma/label_180/DS00008I.tif
ophtha_ma/img_180/DS00008J.tif ophtha_ma/label_180/DS00008J.tif
ophtha_ma/img_180/DS00076H.tif ophtha_ma/label_180/DS00076H.tif
ophtha_ma/img_180/DS00076I.tif ophtha_ma/label_180/DS00076I.tif
ophtha_ma/img_180/DS00091A.tif ophtha_ma/label_180/DS00091A.tif
ophtha_ma/img_180/DS00091B.tif ophtha_ma/label_180/DS00091B.tif
ophtha_ma/img_180/DS000B1H.tif ophtha_ma/label_180/DS000B1H.tif
ophtha_ma/img_180/DS000B1I.tif ophtha_ma/label_180/DS000B1I.tif
ophtha_ma/img_180/DS000B1J.tif ophtha_ma/label_180/DS000B1J.tif
ophtha_ma/img_180/DS000DBO.tif ophtha_ma/label_180/DS000DBO.tif
ophtha_ma/img_180/DS000DBP.tif ophtha_ma/label_180/DS000DBP.tif
ophtha_ma/img_180/DS000DBQ.tif ophtha_ma/label_180/DS000DBQ.tif
ophtha_ma/img_180/DS000DBR.tif ophtha_ma/label_180/DS000DBR.tif
ophtha_ma/img_180/DS000DGS.tif ophtha_ma/label_180/DS000DGS.tif
ophtha_ma/img_180/DS000DPJ.tif ophtha_ma/label_180/DS000DPJ.tif
ophtha_ma/img_180/DS000DPL.tif ophtha_ma/label_180/DS000DPL.tif
ophtha_ma/img_180/DS000E6N.tif ophtha_ma/label_180/DS000E6N.tif
ophtha_ma/img_180/DS000F4J.tif ophtha_ma/label_180/DS000F4J.tif
ophtha_ma/img_180/DS000F4K.tif ophtha_ma/label_180/DS000F4K.tif
ophtha_ma/img_180/DS000FBC.tif ophtha_ma/label_180/DS000FBC.tif
ophtha_ma/img_180/DS000FBD.tif ophtha_ma/label_180/DS000FBD.tif
ophtha_ma/img_180/DS000FBF.tif ophtha_ma/label_180/DS000FBF.tif
ophtha_ma/img_180/DS000FGD.tif ophtha_ma/label_180/DS000FGD.tif
ophtha_ma/img_180/DS000FGE.tif ophtha_ma/label_180/DS000FGE.tif
ophtha_ma/img_180/DS000FGF.tif ophtha_ma/label_180/DS000FGF.tif
ophtha_ma/img_180/DS000FMH.tif ophtha_ma/label_180/DS000FMH.tif
ophtha_ma/img_180/DS000FOK.tif ophtha_ma/label_180/DS000FOK.tif
ophtha_ma/img_180/DS000FOL.tif ophtha_ma/label_180/DS000FOL.tif
ophtha_ma/img_180/DS000FOM.tif ophtha_ma/label_180/DS000FOM.tif
ophtha_ma/img_180/DS000GH5.tif ophtha_ma/label_180/DS000GH5.tif
ophtha_ma/img_180/DS000GH6.tif ophtha_ma/label_180/DS000GH6.tif
ophtha_ma/img_180/DS000H04.tif ophtha_ma/label_180/DS000H04.tif
ophtha_ma/img_180/DS000HVE.tif ophtha_ma/label_180/DS000HVE.tif
ophtha_ma/img_180/DS000HVG.tif ophtha_ma/label_180/DS000HVG.tif
ophtha_ma/img_180/DS000HVH.tif ophtha_ma/label_180/DS000HVH.tif
ophtha_ma/img_180/DS000HVI.tif ophtha_ma/label_180/DS000HVI.tif
ophtha_ma/img_180/DS000HXJ.tif ophtha_ma/label_180/DS000HXJ.tif
ophtha_ma/img_180/DS000HXK.tif ophtha_ma/label_180/DS000HXK.tif
ophtha_ma/img_180/DS000HXL.tif ophtha_ma/label_180/DS000HXL.tif
ophtha_ma/img_180/DS000I6W.tif ophtha_ma/label_180/DS000I6W.tif
ophtha_ma/img_180/DS000I6X.tif ophtha_ma/label_180/DS000I6X.tif
ophtha_ma/img_180/DS000I6Z.tif ophtha_ma/label_180/DS000I6Z.tif
ophtha_ma/img_180/DS000N9X.tif ophtha_ma/label_180/DS000N9X.tif
ophtha_ma/img_180/DS000N9Y.tif ophtha_ma/label_180/DS000N9Y.tif
ophtha_ma/img_180/DS000N9Z.tif ophtha_ma/label_180/DS000N9Z.tif
ophtha_ma/img_180/DS000NA1.tif ophtha_ma/label_180/DS000NA1.tif
ophtha_ma/img_180/DS000OQB.tif ophtha_ma/label_180/DS000OQB.tif
ophtha_ma/img_180/DS000QA2.tif ophtha_ma/label_180/DS000QA2.tif
ophtha_ma/img_180/DS000STU.tif ophtha_ma/label_180/DS000STU.tif
ophtha_ma/img_180/DS000STW.tif ophtha_ma/label_180/DS000STW.tif
ophtha_ma/img_180/DS000TZ5.tif ophtha_ma/label_180/DS000TZ5.tif
ophtha_ma/img_180/DS000U30.tif ophtha_ma/label_180/DS000U30.tif
ophtha_ma/img_180/DS000U4U.tif ophtha_ma/label_180/DS000U4U.tif
ophtha_ma/img_180/DS000V1O.tif ophtha_ma/label_180/DS000V1O.tif
ophtha_ma/img_180/DS000V1R.tif ophtha_ma/label_180/DS000V1R.tif
ophtha_ma/img_180/DS000V6O.tif ophtha_ma/label_180/DS000V6O.tif
ophtha_ma/img_180/DS000V6S.tif ophtha_ma/label_180/DS000V6S.tif
ophtha_ma/img_180/DS000VCN.tif ophtha_ma/label_180/DS000VCN.tif
ophtha_ma/img_270/C0000886.tif ophtha_ma/label_270/C0000886.tif
ophtha_ma/img_270/C0000887.tif ophtha_ma/label_270/C0000887.tif
ophtha_ma/img_270/C0001273.tif ophtha_ma/label_270/C0001273.tif
ophtha_ma/img_270/C0001274.tif ophtha_ma/label_270/C0001274.tif
ophtha_ma/img_270/C0001275.tif ophtha_ma/label_270/C0001275.tif
ophtha_ma/img_270/C0001276.tif ophtha_ma/label_270/C0001276.tif
ophtha_ma/img_270/C0001365.tif ophtha_ma/label_270/C0001365.tif
ophtha_ma/img_270/C0001883.tif ophtha_ma/label_270/C0001883.tif
ophtha_ma/img_270/C0001884.tif ophtha_ma/label_270/C0001884.tif
ophtha_ma/img_270/C0001885.tif ophtha_ma/label_270/C0001885.tif
ophtha_ma/img_270/C0001886.tif ophtha_ma/label_270/C0001886.tif
ophtha_ma/img_270/C0003164.tif ophtha_ma/label_270/C0003164.tif
ophtha_ma/img_270/C0003181.tif ophtha_ma/label_270/C0003181.tif
ophtha_ma/img_270/C0003183.tif ophtha_ma/label_270/C0003183.tif
ophtha_ma/img_270/C0003222.tif ophtha_ma/label_270/C0003222.tif
ophtha_ma/img_270/C0003226.tif ophtha_ma/label_270/C0003226.tif
ophtha_ma/img_270/C0004246.tif ophtha_ma/label_270/C0004246.tif
ophtha_ma/img_270/C0004249.tif ophtha_ma/label_270/C0004249.tif
ophtha_ma/img_270/C0005450.tif ophtha_ma/label_270/C0005450.tif
ophtha_ma/img_270/C0005454.tif ophtha_ma/label_270/C0005454.tif
ophtha_ma/img_270/C0006326.tif ophtha_ma/label_270/C0006326.tif
ophtha_ma/img_270/C0007102.tif ophtha_ma/label_270/C0007102.tif
ophtha_ma/img_270/C0007104.tif ophtha_ma/label_270/C0007104.tif
ophtha_ma/img_270/C0007105.tif ophtha_ma/label_270/C0007105.tif
ophtha_ma/img_270/C0007106.tif ophtha_ma/label_270/C0007106.tif
ophtha_ma/img_270/C0007155.tif ophtha_ma/label_270/C0007155.tif
ophtha_ma/img_270/C0007156.tif ophtha_ma/label_270/C0007156.tif
ophtha_ma/img_270/C0007157.tif ophtha_ma/label_270/C0007157.tif
ophtha_ma/img_270/C0007158.tif ophtha_ma/label_270/C0007158.tif
ophtha_ma/img_270/C0022963.tif ophtha_ma/label_270/C0022963.tif
ophtha_ma/img_270/C0022966.tif ophtha_ma/label_270/C0022966.tif
ophtha_ma/img_270/C0024245.tif ophtha_ma/label_270/C0024245.tif
ophtha_ma/img_270/C0024250.tif ophtha_ma/label_270/C0024250.tif
ophtha_ma/img_270/C0024251.tif ophtha_ma/label_270/C0024251.tif
ophtha_ma/img_270/C0024252.tif ophtha_ma/label_270/C0024252.tif
ophtha_ma/img_270/C0024340.tif ophtha_ma/label_270/C0024340.tif
ophtha_ma/img_270/C0024341.tif ophtha_ma/label_270/C0024341.tif
ophtha_ma/img_270/C0024407.tif ophtha_ma/label_270/C0024407.tif
ophtha_ma/img_270/C0024408.tif ophtha_ma/label_270/C0024408.tif
ophtha_ma/img_270/C0024411.tif ophtha_ma/label_270/C0024411.tif
ophtha_ma/img_270/C0024413.tif ophtha_ma/label_270/C0024413.tif
ophtha_ma/img_270/C0024414.tif ophtha_ma/label_270/C0024414.tif
ophtha_ma/img_270/C0024415.tif ophtha_ma/label_270/C0024415.tif
ophtha_ma/img_270/C0024418.tif ophtha_ma/label_270/C0024418.tif
ophtha_ma/img_270/C0024544.tif ophtha_ma/label_270/C0024544.tif
ophtha_ma/img_270/C0024545.tif ophtha_ma/label_270/C0024545.tif
ophtha_ma/img_270/C0025303.tif ophtha_ma/label_270/C0025303.tif
ophtha_ma/img_270/C0025305.tif ophtha_ma/label_270/C0025305.tif
ophtha_ma/img_270/C0025307.tif ophtha_ma/label_270/C0025307.tif
ophtha_ma/img_270/C0030395.tif ophtha_ma/label_270/C0030395.tif
ophtha_ma/img_270/C0030399.tif ophtha_ma/label_270/C0030399.tif
ophtha_ma/img_270/C0030692.tif ophtha_ma/label_270/C0030692.tif
ophtha_ma/img_270/C0030694.tif ophtha_ma/label_270/C0030694.tif
ophtha_ma/img_270/C0030734.tif ophtha_ma/label_270/C0030734.tif
ophtha_ma/img_270/C0030735.tif ophtha_ma/label_270/C0030735.tif
ophtha_ma/img_270/C0030737.tif ophtha_ma/label_270/C0030737.tif
ophtha_ma/img_270/C0032812.tif ophtha_ma/label_270/C0032812.tif
ophtha_ma/img_270/C0032814.tif ophtha_ma/label_270/C0032814.tif
ophtha_ma/img_270/C0032817.tif ophtha_ma/label_270/C0032817.tif
ophtha_ma/img_270/C0032886.tif ophtha_ma/label_270/C0032886.tif
ophtha_ma/img_270/DS00008G.tif ophtha_ma/label_270/DS00008G.tif
ophtha_ma/img_270/DS00008I.tif ophtha_ma/label_270/DS00008I.tif
ophtha_ma/img_270/DS00008J.tif ophtha_ma/label_270/DS00008J.tif
ophtha_ma/img_270/DS00076H.tif ophtha_ma/label_270/DS00076H.tif
ophtha_ma/img_270/DS00076I.tif ophtha_ma/label_270/DS00076I.tif
ophtha_ma/img_270/DS00091A.tif ophtha_ma/label_270/DS00091A.tif
ophtha_ma/img_270/DS00091B.tif ophtha_ma/label_270/DS00091B.tif
ophtha_ma/img_270/DS000B1H.tif ophtha_ma/label_270/DS000B1H.tif
ophtha_ma/img_270/DS000B1I.tif ophtha_ma/label_270/DS000B1I.tif
ophtha_ma/img_270/DS000B1J.tif ophtha_ma/label_270/DS000B1J.tif
ophtha_ma/img_270/DS000DBO.tif ophtha_ma/label_270/DS000DBO.tif
ophtha_ma/img_270/DS000DBP.tif ophtha_ma/label_270/DS000DBP.tif
ophtha_ma/img_270/DS000DBQ.tif ophtha_ma/label_270/DS000DBQ.tif
ophtha_ma/img_270/DS000DBR.tif ophtha_ma/label_270/DS000DBR.tif
ophtha_ma/img_270/DS000DGS.tif ophtha_ma/label_270/DS000DGS.tif
ophtha_ma/img_270/DS000DPJ.tif ophtha_ma/label_270/DS000DPJ.tif
ophtha_ma/img_270/DS000DPL.tif ophtha_ma/label_270/DS000DPL.tif
ophtha_ma/img_270/DS000E6N.tif ophtha_ma/label_270/DS000E6N.tif
ophtha_ma/img_270/DS000F4J.tif ophtha_ma/label_270/DS000F4J.tif
ophtha_ma/img_270/DS000F4K.tif ophtha_ma/label_270/DS000F4K.tif
ophtha_ma/img_270/DS000FBC.tif ophtha_ma/label_270/DS000FBC.tif
ophtha_ma/img_270/DS000FBD.tif ophtha_ma/label_270/DS000FBD.tif
ophtha_ma/img_270/DS000FBF.tif ophtha_ma/label_270/DS000FBF.tif
ophtha_ma/img_270/DS000FGD.tif ophtha_ma/label_270/DS000FGD.tif
ophtha_ma/img_270/DS000FGE.tif ophtha_ma/label_270/DS000FGE.tif
ophtha_ma/img_270/DS000FGF.tif ophtha_ma/label_270/DS000FGF.tif
ophtha_ma/img_270/DS000FMH.tif ophtha_ma/label_270/DS000FMH.tif
ophtha_ma/img_270/DS000FOK.tif ophtha_ma/label_270/DS000FOK.tif
ophtha_ma/img_270/DS000FOL.tif ophtha_ma/label_270/DS000FOL.tif
ophtha_ma/img_270/DS000FOM.tif ophtha_ma/label_270/DS000FOM.tif
ophtha_ma/img_270/DS000GH5.tif ophtha_ma/label_270/DS000GH5.tif
ophtha_ma/img_270/DS000GH6.tif ophtha_ma/label_270/DS000GH6.tif
ophtha_ma/img_270/DS000H04.tif ophtha_ma/label_270/DS000H04.tif
ophtha_ma/img_270/DS000HVE.tif ophtha_ma/label_270/DS000HVE.tif
ophtha_ma/img_270/DS000HVG.tif ophtha_ma/label_270/DS000HVG.tif
ophtha_ma/img_270/DS000HVH.tif ophtha_ma/label_270/DS000HVH.tif
ophtha_ma/img_270/DS000HVI.tif ophtha_ma/label_270/DS000HVI.tif
ophtha_ma/img_270/DS000HXJ.tif ophtha_ma/label_270/DS000HXJ.tif
ophtha_ma/img_270/DS000HXK.tif ophtha_ma/label_270/DS000HXK.tif
ophtha_ma/img_270/DS000HXL.tif ophtha_ma/label_270/DS000HXL.tif
ophtha_ma/img_270/DS000I6W.tif ophtha_ma/label_270/DS000I6W.tif
ophtha_ma/img_270/DS000I6X.tif ophtha_ma/label_270/DS000I6X.tif
ophtha_ma/img_270/DS000I6Z.tif ophtha_ma/label_270/DS000I6Z.tif
ophtha_ma/img_270/DS000N9X.tif ophtha_ma/label_270/DS000N9X.tif
ophtha_ma/img_270/DS000N9Y.tif ophtha_ma/label_270/DS000N9Y.tif
ophtha_ma/img_270/DS000N9Z.tif ophtha_ma/label_270/DS000N9Z.tif
ophtha_ma/img_270/DS000NA1.tif ophtha_ma/label_270/DS000NA1.tif
ophtha_ma/img_270/DS000OQB.tif ophtha_ma/label_270/DS000OQB.tif
ophtha_ma/img_270/DS000QA2.tif ophtha_ma/label_270/DS000QA2.tif
ophtha_ma/img_270/DS000STU.tif ophtha_ma/label_270/DS000STU.tif
ophtha_ma/img_270/DS000STW.tif ophtha_ma/label_270/DS000STW.tif
ophtha_ma/img_270/DS000TZ5.tif ophtha_ma/label_270/DS000TZ5.tif
ophtha_ma/img_270/DS000U30.tif ophtha_ma/label_270/DS000U30.tif
ophtha_ma/img_270/DS000U4U.tif ophtha_ma/label_270/DS000U4U.tif
ophtha_ma/img_270/DS000V1O.tif ophtha_ma/label_270/DS000V1O.tif
ophtha_ma/img_270/DS000V1R.tif ophtha_ma/label_270/DS000V1R.tif
ophtha_ma/img_270/DS000V6O.tif ophtha_ma/label_270/DS000V6O.tif
ophtha_ma/img_270/DS000V6S.tif ophtha_ma/label_270/DS000V6S.tif
ophtha_ma/img_270/DS000VCN.tif ophtha_ma/label_270/DS000VCN.tif
ophtha_ma/img_mirror1/C0000886.tif ophtha_ma/label_mirror1/C0000886.tif
ophtha_ma/img_mirror1/C0000887.tif ophtha_ma/label_mirror1/C0000887.tif
ophtha_ma/img_mirror1/C0001273.tif ophtha_ma/label_mirror1/C0001273.tif
ophtha_ma/img_mirror1/C0001274.tif ophtha_ma/label_mirror1/C0001274.tif
ophtha_ma/img_mirror1/C0001275.tif ophtha_ma/label_mirror1/C0001275.tif
ophtha_ma/img_mirror1/C0001276.tif ophtha_ma/label_mirror1/C0001276.tif
ophtha_ma/img_mirror1/C0001365.tif ophtha_ma/label_mirror1/C0001365.tif
ophtha_ma/img_mirror1/C0001883.tif ophtha_ma/label_mirror1/C0001883.tif
ophtha_ma/img_mirror1/C0001884.tif ophtha_ma/label_mirror1/C0001884.tif
ophtha_ma/img_mirror1/C0001885.tif ophtha_ma/label_mirror1/C0001885.tif
ophtha_ma/img_mirror1/C0001886.tif ophtha_ma/label_mirror1/C0001886.tif
ophtha_ma/img_mirror1/C0003164.tif ophtha_ma/label_mirror1/C0003164.tif
ophtha_ma/img_mirror1/C0003181.tif ophtha_ma/label_mirror1/C0003181.tif
ophtha_ma/img_mirror1/C0003183.tif ophtha_ma/label_mirror1/C0003183.tif
ophtha_ma/img_mirror1/C0003222.tif ophtha_ma/label_mirror1/C0003222.tif
ophtha_ma/img_mirror1/C0003226.tif ophtha_ma/label_mirror1/C0003226.tif
ophtha_ma/img_mirror1/C0004246.tif ophtha_ma/label_mirror1/C0004246.tif
ophtha_ma/img_mirror1/C0004249.tif ophtha_ma/label_mirror1/C0004249.tif
ophtha_ma/img_mirror1/C0005450.tif ophtha_ma/label_mirror1/C0005450.tif
ophtha_ma/img_mirror1/C0005454.tif ophtha_ma/label_mirror1/C0005454.tif
ophtha_ma/img_mirror1/C0006326.tif ophtha_ma/label_mirror1/C0006326.tif
ophtha_ma/img_mirror1/C0007102.tif ophtha_ma/label_mirror1/C0007102.tif
ophtha_ma/img_mirror1/C0007104.tif ophtha_ma/label_mirror1/C0007104.tif
ophtha_ma/img_mirror1/C0007105.tif ophtha_ma/label_mirror1/C0007105.tif
ophtha_ma/img_mirror1/C0007106.tif ophtha_ma/label_mirror1/C0007106.tif
ophtha_ma/img_mirror1/C0007155.tif ophtha_ma/label_mirror1/C0007155.tif
ophtha_ma/img_mirror1/C0007156.tif ophtha_ma/label_mirror1/C0007156.tif
ophtha_ma/img_mirror1/C0007157.tif ophtha_ma/label_mirror1/C0007157.tif
ophtha_ma/img_mirror1/C0007158.tif ophtha_ma/label_mirror1/C0007158.tif
ophtha_ma/img_mirror1/C0022963.tif ophtha_ma/label_mirror1/C0022963.tif
ophtha_ma/img_mirror1/C0022966.tif ophtha_ma/label_mirror1/C0022966.tif
ophtha_ma/img_mirror1/C0024245.tif ophtha_ma/label_mirror1/C0024245.tif
ophtha_ma/img_mirror1/C0024250.tif ophtha_ma/label_mirror1/C0024250.tif
ophtha_ma/img_mirror1/C0024251.tif ophtha_ma/label_mirror1/C0024251.tif
ophtha_ma/img_mirror1/C0024252.tif ophtha_ma/label_mirror1/C0024252.tif
ophtha_ma/img_mirror1/C0024340.tif ophtha_ma/label_mirror1/C0024340.tif
ophtha_ma/img_mirror1/C0024341.tif ophtha_ma/label_mirror1/C0024341.tif
ophtha_ma/img_mirror1/C0024407.tif ophtha_ma/label_mirror1/C0024407.tif
ophtha_ma/img_mirror1/C0024408.tif ophtha_ma/label_mirror1/C0024408.tif
ophtha_ma/img_mirror1/C0024411.tif ophtha_ma/label_mirror1/C0024411.tif
ophtha_ma/img_mirror1/C0024413.tif ophtha_ma/label_mirror1/C0024413.tif
ophtha_ma/img_mirror1/C0024414.tif ophtha_ma/label_mirror1/C0024414.tif
ophtha_ma/img_mirror1/C0024415.tif ophtha_ma/label_mirror1/C0024415.tif
ophtha_ma/img_mirror1/C0024418.tif ophtha_ma/label_mirror1/C0024418.tif
ophtha_ma/img_mirror1/C0024544.tif ophtha_ma/label_mirror1/C0024544.tif
ophtha_ma/img_mirror1/C0024545.tif ophtha_ma/label_mirror1/C0024545.tif
ophtha_ma/img_mirror1/C0025303.tif ophtha_ma/label_mirror1/C0025303.tif
ophtha_ma/img_mirror1/C0025305.tif ophtha_ma/label_mirror1/C0025305.tif
ophtha_ma/img_mirror1/C0025307.tif ophtha_ma/label_mirror1/C0025307.tif
ophtha_ma/img_mirror1/C0030395.tif ophtha_ma/label_mirror1/C0030395.tif
ophtha_ma/img_mirror1/C0030399.tif ophtha_ma/label_mirror1/C0030399.tif
ophtha_ma/img_mirror1/C0030692.tif ophtha_ma/label_mirror1/C0030692.tif
ophtha_ma/img_mirror1/C0030694.tif ophtha_ma/label_mirror1/C0030694.tif
ophtha_ma/img_mirror1/C0030734.tif ophtha_ma/label_mirror1/C0030734.tif
ophtha_ma/img_mirror1/C0030735.tif ophtha_ma/label_mirror1/C0030735.tif
ophtha_ma/img_mirror1/C0030737.tif ophtha_ma/label_mirror1/C0030737.tif
ophtha_ma/img_mirror1/C0032812.tif ophtha_ma/label_mirror1/C0032812.tif
ophtha_ma/img_mirror1/C0032814.tif ophtha_ma/label_mirror1/C0032814.tif
ophtha_ma/img_mirror1/C0032817.tif ophtha_ma/label_mirror1/C0032817.tif
ophtha_ma/img_mirror1/C0032886.tif ophtha_ma/label_mirror1/C0032886.tif
ophtha_ma/img_mirror1/DS00008G.tif ophtha_ma/label_mirror1/DS00008G.tif
ophtha_ma/img_mirror1/DS00008I.tif ophtha_ma/label_mirror1/DS00008I.tif
ophtha_ma/img_mirror1/DS00008J.tif ophtha_ma/label_mirror1/DS00008J.tif
ophtha_ma/img_mirror1/DS00076H.tif ophtha_ma/label_mirror1/DS00076H.tif
ophtha_ma/img_mirror1/DS00076I.tif ophtha_ma/label_mirror1/DS00076I.tif
ophtha_ma/img_mirror1/DS00091A.tif ophtha_ma/label_mirror1/DS00091A.tif
ophtha_ma/img_mirror1/DS00091B.tif ophtha_ma/label_mirror1/DS00091B.tif
ophtha_ma/img_mirror1/DS000B1H.tif ophtha_ma/label_mirror1/DS000B1H.tif
ophtha_ma/img_mirror1/DS000B1I.tif ophtha_ma/label_mirror1/DS000B1I.tif
ophtha_ma/img_mirror1/DS000B1J.tif ophtha_ma/label_mirror1/DS000B1J.tif
ophtha_ma/img_mirror1/DS000DBO.tif ophtha_ma/label_mirror1/DS000DBO.tif
ophtha_ma/img_mirror1/DS000DBP.tif ophtha_ma/label_mirror1/DS000DBP.tif
ophtha_ma/img_mirror1/DS000DBQ.tif ophtha_ma/label_mirror1/DS000DBQ.tif
ophtha_ma/img_mirror1/DS000DBR.tif ophtha_ma/label_mirror1/DS000DBR.tif
ophtha_ma/img_mirror1/DS000DGS.tif ophtha_ma/label_mirror1/DS000DGS.tif
ophtha_ma/img_mirror1/DS000DPJ.tif ophtha_ma/label_mirror1/DS000DPJ.tif
ophtha_ma/img_mirror1/DS000DPL.tif ophtha_ma/label_mirror1/DS000DPL.tif
ophtha_ma/img_mirror1/DS000E6N.tif ophtha_ma/label_mirror1/DS000E6N.tif
ophtha_ma/img_mirror1/DS000F4J.tif ophtha_ma/label_mirror1/DS000F4J.tif
ophtha_ma/img_mirror1/DS000F4K.tif ophtha_ma/label_mirror1/DS000F4K.tif
ophtha_ma/img_mirror1/DS000FBC.tif ophtha_ma/label_mirror1/DS000FBC.tif
ophtha_ma/img_mirror1/DS000FBD.tif ophtha_ma/label_mirror1/DS000FBD.tif
ophtha_ma/img_mirror1/DS000FBF.tif ophtha_ma/label_mirror1/DS000FBF.tif
ophtha_ma/img_mirror1/DS000FGD.tif ophtha_ma/label_mirror1/DS000FGD.tif
ophtha_ma/img_mirror1/DS000FGE.tif ophtha_ma/label_mirror1/DS000FGE.tif
ophtha_ma/img_mirror1/DS000FGF.tif ophtha_ma/label_mirror1/DS000FGF.tif
ophtha_ma/img_mirror1/DS000FMH.tif ophtha_ma/label_mirror1/DS000FMH.tif
ophtha_ma/img_mirror1/DS000FOK.tif ophtha_ma/label_mirror1/DS000FOK.tif
ophtha_ma/img_mirror1/DS000FOL.tif ophtha_ma/label_mirror1/DS000FOL.tif
ophtha_ma/img_mirror1/DS000FOM.tif ophtha_ma/label_mirror1/DS000FOM.tif
ophtha_ma/img_mirror1/DS000GH5.tif ophtha_ma/label_mirror1/DS000GH5.tif
ophtha_ma/img_mirror1/DS000GH6.tif ophtha_ma/label_mirror1/DS000GH6.tif
ophtha_ma/img_mirror1/DS000H04.tif ophtha_ma/label_mirror1/DS000H04.tif
ophtha_ma/img_mirror1/DS000HVE.tif ophtha_ma/label_mirror1/DS000HVE.tif
ophtha_ma/img_mirror1/DS000HVG.tif ophtha_ma/label_mirror1/DS000HVG.tif
ophtha_ma/img_mirror1/DS000HVH.tif ophtha_ma/label_mirror1/DS000HVH.tif
ophtha_ma/img_mirror1/DS000HVI.tif ophtha_ma/label_mirror1/DS000HVI.tif
ophtha_ma/img_mirror1/DS000HXJ.tif ophtha_ma/label_mirror1/DS000HXJ.tif
ophtha_ma/img_mirror1/DS000HXK.tif ophtha_ma/label_mirror1/DS000HXK.tif
ophtha_ma/img_mirror1/DS000HXL.tif ophtha_ma/label_mirror1/DS000HXL.tif
ophtha_ma/img_mirror1/DS000I6W.tif ophtha_ma/label_mirror1/DS000I6W.tif
ophtha_ma/img_mirror1/DS000I6X.tif ophtha_ma/label_mirror1/DS000I6X.tif
ophtha_ma/img_mirror1/DS000I6Z.tif ophtha_ma/label_mirror1/DS000I6Z.tif
ophtha_ma/img_mirror1/DS000N9X.tif ophtha_ma/label_mirror1/DS000N9X.tif
ophtha_ma/img_mirror1/DS000N9Y.tif ophtha_ma/label_mirror1/DS000N9Y.tif
ophtha_ma/img_mirror1/DS000N9Z.tif ophtha_ma/label_mirror1/DS000N9Z.tif
ophtha_ma/img_mirror1/DS000NA1.tif ophtha_ma/label_mirror1/DS000NA1.tif
ophtha_ma/img_mirror1/DS000OQB.tif ophtha_ma/label_mirror1/DS000OQB.tif
ophtha_ma/img_mirror1/DS000QA2.tif ophtha_ma/label_mirror1/DS000QA2.tif
ophtha_ma/img_mirror1/DS000STU.tif ophtha_ma/label_mirror1/DS000STU.tif
ophtha_ma/img_mirror1/DS000STW.tif ophtha_ma/label_mirror1/DS000STW.tif
ophtha_ma/img_mirror1/DS000TZ5.tif ophtha_ma/label_mirror1/DS000TZ5.tif
ophtha_ma/img_mirror1/DS000U30.tif ophtha_ma/label_mirror1/DS000U30.tif
ophtha_ma/img_mirror1/DS000U4U.tif ophtha_ma/label_mirror1/DS000U4U.tif
ophtha_ma/img_mirror1/DS000V1O.tif ophtha_ma/label_mirror1/DS000V1O.tif
ophtha_ma/img_mirror1/DS000V1R.tif ophtha_ma/label_mirror1/DS000V1R.tif
ophtha_ma/img_mirror1/DS000V6O.tif ophtha_ma/label_mirror1/DS000V6O.tif
ophtha_ma/img_mirror1/DS000V6S.tif ophtha_ma/label_mirror1/DS000V6S.tif
ophtha_ma/img_mirror1/DS000VCN.tif ophtha_ma/label_mirror1/DS000VCN.tif
ophtha_ma/img_mirror2/C0000886.tif ophtha_ma/label_mirror2/C0000886.tif
ophtha_ma/img_mirror2/C0000887.tif ophtha_ma/label_mirror2/C0000887.tif
ophtha_ma/img_mirror2/C0001273.tif ophtha_ma/label_mirror2/C0001273.tif
ophtha_ma/img_mirror2/C0001274.tif ophtha_ma/label_mirror2/C0001274.tif
ophtha_ma/img_mirror2/C0001275.tif ophtha_ma/label_mirror2/C0001275.tif
ophtha_ma/img_mirror2/C0001276.tif ophtha_ma/label_mirror2/C0001276.tif
ophtha_ma/img_mirror2/C0001365.tif ophtha_ma/label_mirror2/C0001365.tif
ophtha_ma/img_mirror2/C0001883.tif ophtha_ma/label_mirror2/C0001883.tif
ophtha_ma/img_mirror2/C0001884.tif ophtha_ma/label_mirror2/C0001884.tif
ophtha_ma/img_mirror2/C0001885.tif ophtha_ma/label_mirror2/C0001885.tif
ophtha_ma/img_mirror2/C0001886.tif ophtha_ma/label_mirror2/C0001886.tif
ophtha_ma/img_mirror2/C0003164.tif ophtha_ma/label_mirror2/C0003164.tif
ophtha_ma/img_mirror2/C0003181.tif ophtha_ma/label_mirror2/C0003181.tif
ophtha_ma/img_mirror2/C0003183.tif ophtha_ma/label_mirror2/C0003183.tif
ophtha_ma/img_mirror2/C0003222.tif ophtha_ma/label_mirror2/C0003222.tif
ophtha_ma/img_mirror2/C0003226.tif ophtha_ma/label_mirror2/C0003226.tif
ophtha_ma/img_mirror2/C0004246.tif ophtha_ma/label_mirror2/C0004246.tif
ophtha_ma/img_mirror2/C0004249.tif ophtha_ma/label_mirror2/C0004249.tif
ophtha_ma/img_mirror2/C0005450.tif ophtha_ma/label_mirror2/C0005450.tif
ophtha_ma/img_mirror2/C0005454.tif ophtha_ma/label_mirror2/C0005454.tif
ophtha_ma/img_mirror2/C0006326.tif ophtha_ma/label_mirror2/C0006326.tif
ophtha_ma/img_mirror2/C0007102.tif ophtha_ma/label_mirror2/C0007102.tif
ophtha_ma/img_mirror2/C0007104.tif ophtha_ma/label_mirror2/C0007104.tif
ophtha_ma/img_mirror2/C0007105.tif ophtha_ma/label_mirror2/C0007105.tif
ophtha_ma/img_mirror2/C0007106.tif ophtha_ma/label_mirror2/C0007106.tif
ophtha_ma/img_mirror2/C0007155.tif ophtha_ma/label_mirror2/C0007155.tif
ophtha_ma/img_mirror2/C0007156.tif ophtha_ma/label_mirror2/C0007156.tif
ophtha_ma/img_mirror2/C0007157.tif ophtha_ma/label_mirror2/C0007157.tif
ophtha_ma/img_mirror2/C0007158.tif ophtha_ma/label_mirror2/C0007158.tif
ophtha_ma/img_mirror2/C0022963.tif ophtha_ma/label_mirror2/C0022963.tif
ophtha_ma/img_mirror2/C0022966.tif ophtha_ma/label_mirror2/C0022966.tif
ophtha_ma/img_mirror2/C0024245.tif ophtha_ma/label_mirror2/C0024245.tif
ophtha_ma/img_mirror2/C0024250.tif ophtha_ma/label_mirror2/C0024250.tif
ophtha_ma/img_mirror2/C0024251.tif ophtha_ma/label_mirror2/C0024251.tif
ophtha_ma/img_mirror2/C0024252.tif ophtha_ma/label_mirror2/C0024252.tif
ophtha_ma/img_mirror2/C0024340.tif ophtha_ma/label_mirror2/C0024340.tif
ophtha_ma/img_mirror2/C0024341.tif ophtha_ma/label_mirror2/C0024341.tif
ophtha_ma/img_mirror2/C0024407.tif ophtha_ma/label_mirror2/C0024407.tif
ophtha_ma/img_mirror2/C0024408.tif ophtha_ma/label_mirror2/C0024408.tif
ophtha_ma/img_mirror2/C0024411.tif ophtha_ma/label_mirror2/C0024411.tif
ophtha_ma/img_mirror2/C0024413.tif ophtha_ma/label_mirror2/C0024413.tif
ophtha_ma/img_mirror2/C0024414.tif ophtha_ma/label_mirror2/C0024414.tif
ophtha_ma/img_mirror2/C0024415.tif ophtha_ma/label_mirror2/C0024415.tif
ophtha_ma/img_mirror2/C0024418.tif ophtha_ma/label_mirror2/C0024418.tif
ophtha_ma/img_mirror2/C0024544.tif ophtha_ma/label_mirror2/C0024544.tif
ophtha_ma/img_mirror2/C0024545.tif ophtha_ma/label_mirror2/C0024545.tif
ophtha_ma/img_mirror2/C0025303.tif ophtha_ma/label_mirror2/C0025303.tif
ophtha_ma/img_mirror2/C0025305.tif ophtha_ma/label_mirror2/C0025305.tif
ophtha_ma/img_mirror2/C0025307.tif ophtha_ma/label_mirror2/C0025307.tif
ophtha_ma/img_mirror2/C0030395.tif ophtha_ma/label_mirror2/C0030395.tif
ophtha_ma/img_mirror2/C0030399.tif ophtha_ma/label_mirror2/C0030399.tif
ophtha_ma/img_mirror2/C0030692.tif ophtha_ma/label_mirror2/C0030692.tif
ophtha_ma/img_mirror2/C0030694.tif ophtha_ma/label_mirror2/C0030694.tif
ophtha_ma/img_mirror2/C0030734.tif ophtha_ma/label_mirror2/C0030734.tif
ophtha_ma/img_mirror2/C0030735.tif ophtha_ma/label_mirror2/C0030735.tif
ophtha_ma/img_mirror2/C0030737.tif ophtha_ma/label_mirror2/C0030737.tif
ophtha_ma/img_mirror2/C0032812.tif ophtha_ma/label_mirror2/C0032812.tif
ophtha_ma/img_mirror2/C0032814.tif ophtha_ma/label_mirror2/C0032814.tif
ophtha_ma/img_mirror2/C0032817.tif ophtha_ma/label_mirror2/C0032817.tif
ophtha_ma/img_mirror2/C0032886.tif ophtha_ma/label_mirror2/C0032886.tif
ophtha_ma/img_mirror2/DS00008G.tif ophtha_ma/label_mirror2/DS00008G.tif
ophtha_ma/img_mirror2/DS00008I.tif ophtha_ma/label_mirror2/DS00008I.tif
ophtha_ma/img_mirror2/DS00008J.tif ophtha_ma/label_mirror2/DS00008J.tif
ophtha_ma/img_mirror2/DS00076H.tif ophtha_ma/label_mirror2/DS00076H.tif
ophtha_ma/img_mirror2/DS00076I.tif ophtha_ma/label_mirror2/DS00076I.tif
ophtha_ma/img_mirror2/DS00091A.tif ophtha_ma/label_mirror2/DS00091A.tif
ophtha_ma/img_mirror2/DS00091B.tif ophtha_ma/label_mirror2/DS00091B.tif
ophtha_ma/img_mirror2/DS000B1H.tif ophtha_ma/label_mirror2/DS000B1H.tif
ophtha_ma/img_mirror2/DS000B1I.tif ophtha_ma/label_mirror2/DS000B1I.tif
ophtha_ma/img_mirror2/DS000B1J.tif ophtha_ma/label_mirror2/DS000B1J.tif
ophtha_ma/img_mirror2/DS000DBO.tif ophtha_ma/label_mirror2/DS000DBO.tif
ophtha_ma/img_mirror2/DS000DBP.tif ophtha_ma/label_mirror2/DS000DBP.tif
ophtha_ma/img_mirror2/DS000DBQ.tif ophtha_ma/label_mirror2/DS000DBQ.tif
ophtha_ma/img_mirror2/DS000DBR.tif ophtha_ma/label_mirror2/DS000DBR.tif
ophtha_ma/img_mirror2/DS000DGS.tif ophtha_ma/label_mirror2/DS000DGS.tif
ophtha_ma/img_mirror2/DS000DPJ.tif ophtha_ma/label_mirror2/DS000DPJ.tif
ophtha_ma/img_mirror2/DS000DPL.tif ophtha_ma/label_mirror2/DS000DPL.tif
ophtha_ma/img_mirror2/DS000E6N.tif ophtha_ma/label_mirror2/DS000E6N.tif
ophtha_ma/img_mirror2/DS000F4J.tif ophtha_ma/label_mirror2/DS000F4J.tif
ophtha_ma/img_mirror2/DS000F4K.tif ophtha_ma/label_mirror2/DS000F4K.tif
ophtha_ma/img_mirror2/DS000FBC.tif ophtha_ma/label_mirror2/DS000FBC.tif
ophtha_ma/img_mirror2/DS000FBD.tif ophtha_ma/label_mirror2/DS000FBD.tif
ophtha_ma/img_mirror2/DS000FBF.tif ophtha_ma/label_mirror2/DS000FBF.tif
ophtha_ma/img_mirror2/DS000FGD.tif ophtha_ma/label_mirror2/DS000FGD.tif
ophtha_ma/img_mirror2/DS000FGE.tif ophtha_ma/label_mirror2/DS000FGE.tif
ophtha_ma/img_mirror2/DS000FGF.tif ophtha_ma/label_mirror2/DS000FGF.tif
ophtha_ma/img_mirror2/DS000FMH.tif ophtha_ma/label_mirror2/DS000FMH.tif
ophtha_ma/img_mirror2/DS000FOK.tif ophtha_ma/label_mirror2/DS000FOK.tif
ophtha_ma/img_mirror2/DS000FOL.tif ophtha_ma/label_mirror2/DS000FOL.tif
ophtha_ma/img_mirror2/DS000FOM.tif ophtha_ma/label_mirror2/DS000FOM.tif
ophtha_ma/img_mirror2/DS000GH5.tif ophtha_ma/label_mirror2/DS000GH5.tif
ophtha_ma/img_mirror2/DS000GH6.tif ophtha_ma/label_mirror2/DS000GH6.tif
ophtha_ma/img_mirror2/DS000H04.tif ophtha_ma/label_mirror2/DS000H04.tif
ophtha_ma/img_mirror2/DS000HVE.tif ophtha_ma/label_mirror2/DS000HVE.tif
ophtha_ma/img_mirror2/DS000HVG.tif ophtha_ma/label_mirror2/DS000HVG.tif
ophtha_ma/img_mirror2/DS000HVH.tif ophtha_ma/label_mirror2/DS000HVH.tif
ophtha_ma/img_mirror2/DS000HVI.tif ophtha_ma/label_mirror2/DS000HVI.tif
ophtha_ma/img_mirror2/DS000HXJ.tif ophtha_ma/label_mirror2/DS000HXJ.tif
ophtha_ma/img_mirror2/DS000HXK.tif ophtha_ma/label_mirror2/DS000HXK.tif
ophtha_ma/img_mirror2/DS000HXL.tif ophtha_ma/label_mirror2/DS000HXL.tif
ophtha_ma/img_mirror2/DS000I6W.tif ophtha_ma/label_mirror2/DS000I6W.tif
ophtha_ma/img_mirror2/DS000I6X.tif ophtha_ma/label_mirror2/DS000I6X.tif
ophtha_ma/img_mirror2/DS000I6Z.tif ophtha_ma/label_mirror2/DS000I6Z.tif
ophtha_ma/img_mirror2/DS000N9X.tif ophtha_ma/label_mirror2/DS000N9X.tif
ophtha_ma/img_mirror2/DS000N9Y.tif ophtha_ma/label_mirror2/DS000N9Y.tif
ophtha_ma/img_mirror2/DS000N9Z.tif ophtha_ma/label_mirror2/DS000N9Z.tif
ophtha_ma/img_mirror2/DS000NA1.tif ophtha_ma/label_mirror2/DS000NA1.tif
ophtha_ma/img_mirror2/DS000OQB.tif ophtha_ma/label_mirror2/DS000OQB.tif
ophtha_ma/img_mirror2/DS000QA2.tif ophtha_ma/label_mirror2/DS000QA2.tif
ophtha_ma/img_mirror2/DS000STU.tif ophtha_ma/label_mirror2/DS000STU.tif
ophtha_ma/img_mirror2/DS000STW.tif ophtha_ma/label_mirror2/DS000STW.tif
ophtha_ma/img_mirror2/DS000TZ5.tif ophtha_ma/label_mirror2/DS000TZ5.tif
ophtha_ma/img_mirror2/DS000U30.tif ophtha_ma/label_mirror2/DS000U30.tif
ophtha_ma/img_mirror2/DS000U4U.tif ophtha_ma/label_mirror2/DS000U4U.tif
ophtha_ma/img_mirror2/DS000V1O.tif ophtha_ma/label_mirror2/DS000V1O.tif
ophtha_ma/img_mirror2/DS000V1R.tif ophtha_ma/label_mirror2/DS000V1R.tif
ophtha_ma/img_mirror2/DS000V6O.tif ophtha_ma/label_mirror2/DS000V6O.tif
ophtha_ma/img_mirror2/DS000V6S.tif ophtha_ma/label_mirror2/DS000V6S.tif
ophtha_ma/img_mirror2/DS000VCN.tif ophtha_ma/label_mirror2/DS000VCN.tif
