ophtha_ma/img/C0007237.tif ophtha_ma/label/C0007237.tif
ophtha_ma/img/C0007238.tif ophtha_ma/label/C0007238.tif
ophtha_ma/img/C0007239.tif ophtha_ma/label/C0007239.tif
ophtha_ma/img/C0007240.tif ophtha_ma/label/C0007240.tif
ophtha_ma/img/C0007245.tif ophtha_ma/label/C0007245.tif
ophtha_ma/img/C0007331.tif ophtha_ma/label/C0007331.tif
ophtha_ma/img/C0007333.tif ophtha_ma/label/C0007333.tif
ophtha_ma/img/C0008258.tif ophtha_ma/label/C0008258.tif
ophtha_ma/img/C0012623.tif ophtha_ma/label/C0012623.tif
ophtha_ma/img/C0014473.tif ophtha_ma/label/C0014473.tif
ophtha_ma/img/C0014475.tif ophtha_ma/label/C0014475.tif
ophtha_ma/img/C0014726.tif ophtha_ma/label/C0014726.tif
ophtha_ma/img/C0014727.tif ophtha_ma/label/C0014727.tif
ophtha_ma/img/C0014728.tif ophtha_ma/label/C0014728.tif
ophtha_ma/img/C0014729.tif ophtha_ma/label/C0014729.tif
ophtha_ma/img/C0014790.tif ophtha_ma/label/C0014790.tif
ophtha_ma/img/C0014793.tif ophtha_ma/label/C0014793.tif
ophtha_ma/img/C0018298.tif ophtha_ma/label/C0018298.tif
ophtha_ma/img/C0018299.tif ophtha_ma/label/C0018299.tif
ophtha_ma/img/C0018300.tif ophtha_ma/label/C0018300.tif
ophtha_ma/img/C0018301.tif ophtha_ma/label/C0018301.tif
ophtha_ma/img/C0019839.tif ophtha_ma/label/C0019839.tif
ophtha_ma/img/C0019840.tif ophtha_ma/label/C0019840.tif
ophtha_ma/img/C0019842.tif ophtha_ma/label/C0019842.tif
ophtha_ma/img/C0019916.tif ophtha_ma/label/C0019916.tif
ophtha_ma/img/C0021833.tif ophtha_ma/label/C0021833.tif
ophtha_ma/img/C0021835.tif ophtha_ma/label/C0021835.tif
ophtha_ma/img/C0022011.tif ophtha_ma/label/C0022011.tif
ophtha_ma/img/C0022681.tif ophtha_ma/label/C0022681.tif
ophtha_ma/img/C0022963.tif ophtha_ma/label/C0022963.tif
ophtha_ma/img/C0022966.tif ophtha_ma/label/C0022966.tif
ophtha_ma/img/C0024245.tif ophtha_ma/label/C0024245.tif
ophtha_ma/img/C0024250.tif ophtha_ma/label/C0024250.tif
ophtha_ma/img/C0024251.tif ophtha_ma/label/C0024251.tif
ophtha_ma/img/C0024252.tif ophtha_ma/label/C0024252.tif
ophtha_ma/img/C0024340.tif ophtha_ma/label/C0024340.tif
ophtha_ma/img/C0024341.tif ophtha_ma/label/C0024341.tif
ophtha_ma/img/C0024407.tif ophtha_ma/label/C0024407.tif
ophtha_ma/img/C0024408.tif ophtha_ma/label/C0024408.tif
ophtha_ma/img/C0024411.tif ophtha_ma/label/C0024411.tif
ophtha_ma/img/C0024413.tif ophtha_ma/label/C0024413.tif
ophtha_ma/img/C0024414.tif ophtha_ma/label/C0024414.tif
ophtha_ma/img/C0024415.tif ophtha_ma/label/C0024415.tif
ophtha_ma/img/C0024418.tif ophtha_ma/label/C0024418.tif
ophtha_ma/img/C0024544.tif ophtha_ma/label/C0024544.tif
ophtha_ma/img/C0024545.tif ophtha_ma/label/C0024545.tif
ophtha_ma/img/C0025303.tif ophtha_ma/label/C0025303.tif
ophtha_ma/img/C0025305.tif ophtha_ma/label/C0025305.tif
ophtha_ma/img/C0025307.tif ophtha_ma/label/C0025307.tif
ophtha_ma/img/C0030395.tif ophtha_ma/label/C0030395.tif
ophtha_ma/img/C0030399.tif ophtha_ma/label/C0030399.tif
ophtha_ma/img/C0030692.tif ophtha_ma/label/C0030692.tif
ophtha_ma/img/C0030694.tif ophtha_ma/label/C0030694.tif
ophtha_ma/img/C0030734.tif ophtha_ma/label/C0030734.tif
ophtha_ma/img/C0030735.tif ophtha_ma/label/C0030735.tif
ophtha_ma/img/C0030737.tif ophtha_ma/label/C0030737.tif
ophtha_ma/img/C0032812.tif ophtha_ma/label/C0032812.tif
ophtha_ma/img/C0032814.tif ophtha_ma/label/C0032814.tif
ophtha_ma/img/C0032817.tif ophtha_ma/label/C0032817.tif
ophtha_ma/img/C0032886.tif ophtha_ma/label/C0032886.tif
ophtha_ma/img/DS00008G.tif ophtha_ma/label/DS00008G.tif
ophtha_ma/img/DS00008I.tif ophtha_ma/label/DS00008I.tif
ophtha_ma/img/DS00008J.tif ophtha_ma/label/DS00008J.tif
ophtha_ma/img/DS00076H.tif ophtha_ma/label/DS00076H.tif
ophtha_ma/img/DS00076I.tif ophtha_ma/label/DS00076I.tif
ophtha_ma/img/DS00091A.tif ophtha_ma/label/DS00091A.tif
ophtha_ma/img/DS00091B.tif ophtha_ma/label/DS00091B.tif
ophtha_ma/img/DS000B1H.tif ophtha_ma/label/DS000B1H.tif
ophtha_ma/img/DS000B1I.tif ophtha_ma/label/DS000B1I.tif
ophtha_ma/img/DS000B1J.tif ophtha_ma/label/DS000B1J.tif
ophtha_ma/img/DS000DBO.tif ophtha_ma/label/DS000DBO.tif
ophtha_ma/img/DS000DBP.tif ophtha_ma/label/DS000DBP.tif
ophtha_ma/img/DS000DBQ.tif ophtha_ma/label/DS000DBQ.tif
ophtha_ma/img/DS000DBR.tif ophtha_ma/label/DS000DBR.tif
ophtha_ma/img/DS000DGS.tif ophtha_ma/label/DS000DGS.tif
ophtha_ma/img/DS000DPJ.tif ophtha_ma/label/DS000DPJ.tif
ophtha_ma/img/DS000DPL.tif ophtha_ma/label/DS000DPL.tif
ophtha_ma/img/DS000E6N.tif ophtha_ma/label/DS000E6N.tif
ophtha_ma/img/DS000F4J.tif ophtha_ma/label/DS000F4J.tif
ophtha_ma/img/DS000F4K.tif ophtha_ma/label/DS000F4K.tif
ophtha_ma/img/DS000FBC.tif ophtha_ma/label/DS000FBC.tif
ophtha_ma/img/DS000FBD.tif ophtha_ma/label/DS000FBD.tif
ophtha_ma/img/DS000FBF.tif ophtha_ma/label/DS000FBF.tif
ophtha_ma/img/DS000FGD.tif ophtha_ma/label/DS000FGD.tif
ophtha_ma/img/DS000FGE.tif ophtha_ma/label/DS000FGE.tif
ophtha_ma/img/DS000FGF.tif ophtha_ma/label/DS000FGF.tif
ophtha_ma/img/DS000FMH.tif ophtha_ma/label/DS000FMH.tif
ophtha_ma/img/DS000FOK.tif ophtha_ma/label/DS000FOK.tif
ophtha_ma/img/DS000FOL.tif ophtha_ma/label/DS000FOL.tif
ophtha_ma/img/DS000FOM.tif ophtha_ma/label/DS000FOM.tif
ophtha_ma/img/DS000GH5.tif ophtha_ma/label/DS000GH5.tif
ophtha_ma/img/DS000GH6.tif ophtha_ma/label/DS000GH6.tif
ophtha_ma/img/DS000H04.tif ophtha_ma/label/DS000H04.tif
ophtha_ma/img/DS000HVE.tif ophtha_ma/label/DS000HVE.tif
ophtha_ma/img/DS000HVG.tif ophtha_ma/label/DS000HVG.tif
ophtha_ma/img/DS000HVH.tif ophtha_ma/label/DS000HVH.tif
ophtha_ma/img/DS000HVI.tif ophtha_ma/label/DS000HVI.tif
ophtha_ma/img/DS000HXJ.tif ophtha_ma/label/DS000HXJ.tif
ophtha_ma/img/DS000HXK.tif ophtha_ma/label/DS000HXK.tif
ophtha_ma/img/DS000HXL.tif ophtha_ma/label/DS000HXL.tif
ophtha_ma/img/DS000I6W.tif ophtha_ma/label/DS000I6W.tif
ophtha_ma/img/DS000I6X.tif ophtha_ma/label/DS000I6X.tif
ophtha_ma/img/DS000I6Z.tif ophtha_ma/label/DS000I6Z.tif
ophtha_ma/img/DS000N9X.tif ophtha_ma/label/DS000N9X.tif
ophtha_ma/img/DS000N9Y.tif ophtha_ma/label/DS000N9Y.tif
ophtha_ma/img/DS000N9Z.tif ophtha_ma/label/DS000N9Z.tif
ophtha_ma/img/DS000NA1.tif ophtha_ma/label/DS000NA1.tif
ophtha_ma/img/DS000OQB.tif ophtha_ma/label/DS000OQB.tif
ophtha_ma/img/DS000QA2.tif ophtha_ma/label/DS000QA2.tif
ophtha_ma/img/DS000STU.tif ophtha_ma/label/DS000STU.tif
ophtha_ma/img/DS000STW.tif ophtha_ma/label/DS000STW.tif
ophtha_ma/img/DS000TZ5.tif ophtha_ma/label/DS000TZ5.tif
ophtha_ma/img/DS000U30.tif ophtha_ma/label/DS000U30.tif
ophtha_ma/img/DS000U4U.tif ophtha_ma/label/DS000U4U.tif
ophtha_ma/img/DS000V1O.tif ophtha_ma/label/DS000V1O.tif
ophtha_ma/img/DS000V1R.tif ophtha_ma/label/DS000V1R.tif
ophtha_ma/img/DS000V6O.tif ophtha_ma/label/DS000V6O.tif
ophtha_ma/img/DS000V6S.tif ophtha_ma/label/DS000V6S.tif
ophtha_ma/img/DS000VCN.tif ophtha_ma/label/DS000VCN.tif
ophtha_ma/img_90/C0007237.tif ophtha_ma/label_90/C0007237.tif
ophtha_ma/img_90/C0007238.tif ophtha_ma/label_90/C0007238.tif
ophtha_ma/img_90/C0007239.tif ophtha_ma/label_90/C0007239.tif
ophtha_ma/img_90/C0007240.tif ophtha_ma/label_90/C0007240.tif
ophtha_ma/img_90/C0007245.tif ophtha_ma/label_90/C0007245.tif
ophtha_ma/img_90/C0007331.tif ophtha_ma/label_90/C0007331.tif
ophtha_ma/img_90/C0007333.tif ophtha_ma/label_90/C0007333.tif
ophtha_ma/img_90/C0008258.tif ophtha_ma/label_90/C0008258.tif
ophtha_ma/img_90/C0012623.tif ophtha_ma/label_90/C0012623.tif
ophtha_ma/img_90/C0014473.tif ophtha_ma/label_90/C0014473.tif
ophtha_ma/img_90/C0014475.tif ophtha_ma/label_90/C0014475.tif
ophtha_ma/img_90/C0014726.tif ophtha_ma/label_90/C0014726.tif
ophtha_ma/img_90/C0014727.tif ophtha_ma/label_90/C0014727.tif
ophtha_ma/img_90/C0014728.tif ophtha_ma/label_90/C0014728.tif
ophtha_ma/img_90/C0014729.tif ophtha_ma/label_90/C0014729.tif
ophtha_ma/img_90/C0014790.tif ophtha_ma/label_90/C0014790.tif
ophtha_ma/img_90/C0014793.tif ophtha_ma/label_90/C0014793.tif
ophtha_ma/img_90/C0018298.tif ophtha_ma/label_90/C0018298.tif
ophtha_ma/img_90/C0018299.tif ophtha_ma/label_90/C0018299.tif
ophtha_ma/img_90/C0018300.tif ophtha_ma/label_90/C0018300.tif
ophtha_ma/img_90/C0018301.tif ophtha_ma/label_90/C0018301.tif
ophtha_ma/img_90/C0019839.tif ophtha_ma/label_90/C0019839.tif
ophtha_ma/img_90/C0019840.tif ophtha_ma/label_90/C0019840.tif
ophtha_ma/img_90/C0019842.tif ophtha_ma/label_90/C0019842.tif
ophtha_ma/img_90/C0019916.tif ophtha_ma/label_90/C0019916.tif
ophtha_ma/img_90/C0021833.tif ophtha_ma/label_90/C0021833.tif
ophtha_ma/img_90/C0021835.tif ophtha_ma/label_90/C0021835.tif
ophtha_ma/img_90/C0022011.tif ophtha_ma/label_90/C0022011.tif
ophtha_ma/img_90/C0022681.tif ophtha_ma/label_90/C0022681.tif
ophtha_ma/img_90/C0022963.tif ophtha_ma/label_90/C0022963.tif
ophtha_ma/img_90/C0022966.tif ophtha_ma/label_90/C0022966.tif
ophtha_ma/img_90/C0024245.tif ophtha_ma/label_90/C0024245.tif
ophtha_ma/img_90/C0024250.tif ophtha_ma/label_90/C0024250.tif
ophtha_ma/img_90/C0024251.tif ophtha_ma/label_90/C0024251.tif
ophtha_ma/img_90/C0024252.tif ophtha_ma/label_90/C0024252.tif
ophtha_ma/img_90/C0024340.tif ophtha_ma/label_90/C0024340.tif
ophtha_ma/img_90/C0024341.tif ophtha_ma/label_90/C0024341.tif
ophtha_ma/img_90/C0024407.tif ophtha_ma/label_90/C0024407.tif
ophtha_ma/img_90/C0024408.tif ophtha_ma/label_90/C0024408.tif
ophtha_ma/img_90/C0024411.tif ophtha_ma/label_90/C0024411.tif
ophtha_ma/img_90/C0024413.tif ophtha_ma/label_90/C0024413.tif
ophtha_ma/img_90/C0024414.tif ophtha_ma/label_90/C0024414.tif
ophtha_ma/img_90/C0024415.tif ophtha_ma/label_90/C0024415.tif
ophtha_ma/img_90/C0024418.tif ophtha_ma/label_90/C0024418.tif
ophtha_ma/img_90/C0024544.tif ophtha_ma/label_90/C0024544.tif
ophtha_ma/img_90/C0024545.tif ophtha_ma/label_90/C0024545.tif
ophtha_ma/img_90/C0025303.tif ophtha_ma/label_90/C0025303.tif
ophtha_ma/img_90/C0025305.tif ophtha_ma/label_90/C0025305.tif
ophtha_ma/img_90/C0025307.tif ophtha_ma/label_90/C0025307.tif
ophtha_ma/img_90/C0030395.tif ophtha_ma/label_90/C0030395.tif
ophtha_ma/img_90/C0030399.tif ophtha_ma/label_90/C0030399.tif
ophtha_ma/img_90/C0030692.tif ophtha_ma/label_90/C0030692.tif
ophtha_ma/img_90/C0030694.tif ophtha_ma/label_90/C0030694.tif
ophtha_ma/img_90/C0030734.tif ophtha_ma/label_90/C0030734.tif
ophtha_ma/img_90/C0030735.tif ophtha_ma/label_90/C0030735.tif
ophtha_ma/img_90/C0030737.tif ophtha_ma/label_90/C0030737.tif
ophtha_ma/img_90/C0032812.tif ophtha_ma/label_90/C0032812.tif
ophtha_ma/img_90/C0032814.tif ophtha_ma/label_90/C0032814.tif
ophtha_ma/img_90/C0032817.tif ophtha_ma/label_90/C0032817.tif
ophtha_ma/img_90/C0032886.tif ophtha_ma/label_90/C0032886.tif
ophtha_ma/img_90/DS00008G.tif ophtha_ma/label_90/DS00008G.tif
ophtha_ma/img_90/DS00008I.tif ophtha_ma/label_90/DS00008I.tif
ophtha_ma/img_90/DS00008J.tif ophtha_ma/label_90/DS00008J.tif
ophtha_ma/img_90/DS00076H.tif ophtha_ma/label_90/DS00076H.tif
ophtha_ma/img_90/DS00076I.tif ophtha_ma/label_90/DS00076I.tif
ophtha_ma/img_90/DS00091A.tif ophtha_ma/label_90/DS00091A.tif
ophtha_ma/img_90/DS00091B.tif ophtha_ma/label_90/DS00091B.tif
ophtha_ma/img_90/DS000B1H.tif ophtha_ma/label_90/DS000B1H.tif
ophtha_ma/img_90/DS000B1I.tif ophtha_ma/label_90/DS000B1I.tif
ophtha_ma/img_90/DS000B1J.tif ophtha_ma/label_90/DS000B1J.tif
ophtha_ma/img_90/DS000DBO.tif ophtha_ma/label_90/DS000DBO.tif
ophtha_ma/img_90/DS000DBP.tif ophtha_ma/label_90/DS000DBP.tif
ophtha_ma/img_90/DS000DBQ.tif ophtha_ma/label_90/DS000DBQ.tif
ophtha_ma/img_90/DS000DBR.tif ophtha_ma/label_90/DS000DBR.tif
ophtha_ma/img_90/DS000DGS.tif ophtha_ma/label_90/DS000DGS.tif
ophtha_ma/img_90/DS000DPJ.tif ophtha_ma/label_90/DS000DPJ.tif
ophtha_ma/img_90/DS000DPL.tif ophtha_ma/label_90/DS000DPL.tif
ophtha_ma/img_90/DS000E6N.tif ophtha_ma/label_90/DS000E6N.tif
ophtha_ma/img_90/DS000F4J.tif ophtha_ma/label_90/DS000F4J.tif
ophtha_ma/img_90/DS000F4K.tif ophtha_ma/label_90/DS000F4K.tif
ophtha_ma/img_90/DS000FBC.tif ophtha_ma/label_90/DS000FBC.tif
ophtha_ma/img_90/DS000FBD.tif ophtha_ma/label_90/DS000FBD.tif
ophtha_ma/img_90/DS000FBF.tif ophtha_ma/label_90/DS000FBF.tif
ophtha_ma/img_90/DS000FGD.tif ophtha_ma/label_90/DS000FGD.tif
ophtha_ma/img_90/DS000FGE.tif ophtha_ma/label_90/DS000FGE.tif
ophtha_ma/img_90/DS000FGF.tif ophtha_ma/label_90/DS000FGF.tif
ophtha_ma/img_90/DS000FMH.tif ophtha_ma/label_90/DS000FMH.tif
ophtha_ma/img_90/DS000FOK.tif ophtha_ma/label_90/DS000FOK.tif
ophtha_ma/img_90/DS000FOL.tif ophtha_ma/label_90/DS000FOL.tif
ophtha_ma/img_90/DS000FOM.tif ophtha_ma/label_90/DS000FOM.tif
ophtha_ma/img_90/DS000GH5.tif ophtha_ma/label_90/DS000GH5.tif
ophtha_ma/img_90/DS000GH6.tif ophtha_ma/label_90/DS000GH6.tif
ophtha_ma/img_90/DS000H04.tif ophtha_ma/label_90/DS000H04.tif
ophtha_ma/img_90/DS000HVE.tif ophtha_ma/label_90/DS000HVE.tif
ophtha_ma/img_90/DS000HVG.tif ophtha_ma/label_90/DS000HVG.tif
ophtha_ma/img_90/DS000HVH.tif ophtha_ma/label_90/DS000HVH.tif
ophtha_ma/img_90/DS000HVI.tif ophtha_ma/label_90/DS000HVI.tif
ophtha_ma/img_90/DS000HXJ.tif ophtha_ma/label_90/DS000HXJ.tif
ophtha_ma/img_90/DS000HXK.tif ophtha_ma/label_90/DS000HXK.tif
ophtha_ma/img_90/DS000HXL.tif ophtha_ma/label_90/DS000HXL.tif
ophtha_ma/img_90/DS000I6W.tif ophtha_ma/label_90/DS000I6W.tif
ophtha_ma/img_90/DS000I6X.tif ophtha_ma/label_90/DS000I6X.tif
ophtha_ma/img_90/DS000I6Z.tif ophtha_ma/label_90/DS000I6Z.tif
ophtha_ma/img_90/DS000N9X.tif ophtha_ma/label_90/DS000N9X.tif
ophtha_ma/img_90/DS000N9Y.tif ophtha_ma/label_90/DS000N9Y.tif
ophtha_ma/img_90/DS000N9Z.tif ophtha_ma/label_90/DS000N9Z.tif
ophtha_ma/img_90/DS000NA1.tif ophtha_ma/label_90/DS000NA1.tif
ophtha_ma/img_90/DS000OQB.tif ophtha_ma/label_90/DS000OQB.tif
ophtha_ma/img_90/DS000QA2.tif ophtha_ma/label_90/DS000QA2.tif
ophtha_ma/img_90/DS000STU.tif ophtha_ma/label_90/DS000STU.tif
ophtha_ma/img_90/DS000STW.tif ophtha_ma/label_90/DS000STW.tif
ophtha_ma/img_90/DS000TZ5.tif ophtha_ma/label_90/DS000TZ5.tif
ophtha_ma/img_90/DS000U30.tif ophtha_ma/label_90/DS000U30.tif
ophtha_ma/img_90/DS000U4U.tif ophtha_ma/label_90/DS000U4U.tif
ophtha_ma/img_90/DS000V1O.tif ophtha_ma/label_90/DS000V1O.tif
ophtha_ma/img_90/DS000V1R.tif ophtha_ma/label_90/DS000V1R.tif
ophtha_ma/img_90/DS000V6O.tif ophtha_ma/label_90/DS000V6O.tif
ophtha_ma/img_90/DS000V6S.tif ophtha_ma/label_90/DS000V6S.tif
ophtha_ma/img_90/DS000VCN.tif ophtha_ma/label_90/DS000VCN.tif
ophtha_ma/img_180/C0007237.tif ophtha_ma/label_180/C0007237.tif
ophtha_ma/img_180/C0007238.tif ophtha_ma/label_180/C0007238.tif
ophtha_ma/img_180/C0007239.tif ophtha_ma/label_180/C0007239.tif
ophtha_ma/img_180/C0007240.tif ophtha_ma/label_180/C0007240.tif
ophtha_ma/img_180/C0007245.tif ophtha_ma/label_180/C0007245.tif
ophtha_ma/img_180/C0007331.tif ophtha_ma/label_180/C0007331.tif
ophtha_ma/img_180/C0007333.tif ophtha_ma/label_180/C0007333.tif
ophtha_ma/img_180/C0008258.tif ophtha_ma/label_180/C0008258.tif
ophtha_ma/img_180/C0012623.tif ophtha_ma/label_180/C0012623.tif
ophtha_ma/img_180/C0014473.tif ophtha_ma/label_180/C0014473.tif
ophtha_ma/img_180/C0014475.tif ophtha_ma/label_180/C0014475.tif
ophtha_ma/img_180/C0014726.tif ophtha_ma/label_180/C0014726.tif
ophtha_ma/img_180/C0014727.tif ophtha_ma/label_180/C0014727.tif
ophtha_ma/img_180/C0014728.tif ophtha_ma/label_180/C0014728.tif
ophtha_ma/img_180/C0014729.tif ophtha_ma/label_180/C0014729.tif
ophtha_ma/img_180/C0014790.tif ophtha_ma/label_180/C0014790.tif
ophtha_ma/img_180/C0014793.tif ophtha_ma/label_180/C0014793.tif
ophtha_ma/img_180/C0018298.tif ophtha_ma/label_180/C0018298.tif
ophtha_ma/img_180/C0018299.tif ophtha_ma/label_180/C0018299.tif
ophtha_ma/img_180/C0018300.tif ophtha_ma/label_180/C0018300.tif
ophtha_ma/img_180/C0018301.tif ophtha_ma/label_180/C0018301.tif
ophtha_ma/img_180/C0019839.tif ophtha_ma/label_180/C0019839.tif
ophtha_ma/img_180/C0019840.tif ophtha_ma/label_180/C0019840.tif
ophtha_ma/img_180/C0019842.tif ophtha_ma/label_180/C0019842.tif
ophtha_ma/img_180/C0019916.tif ophtha_ma/label_180/C0019916.tif
ophtha_ma/img_180/C0021833.tif ophtha_ma/label_180/C0021833.tif
ophtha_ma/img_180/C0021835.tif ophtha_ma/label_180/C0021835.tif
ophtha_ma/img_180/C0022011.tif ophtha_ma/label_180/C0022011.tif
ophtha_ma/img_180/C0022681.tif ophtha_ma/label_180/C0022681.tif
ophtha_ma/img_180/C0022963.tif ophtha_ma/label_180/C0022963.tif
ophtha_ma/img_180/C0022966.tif ophtha_ma/label_180/C0022966.tif
ophtha_ma/img_180/C0024245.tif ophtha_ma/label_180/C0024245.tif
ophtha_ma/img_180/C0024250.tif ophtha_ma/label_180/C0024250.tif
ophtha_ma/img_180/C0024251.tif ophtha_ma/label_180/C0024251.tif
ophtha_ma/img_180/C0024252.tif ophtha_ma/label_180/C0024252.tif
ophtha_ma/img_180/C0024340.tif ophtha_ma/label_180/C0024340.tif
ophtha_ma/img_180/C0024341.tif ophtha_ma/label_180/C0024341.tif
ophtha_ma/img_180/C0024407.tif ophtha_ma/label_180/C0024407.tif
ophtha_ma/img_180/C0024408.tif ophtha_ma/label_180/C0024408.tif
ophtha_ma/img_180/C0024411.tif ophtha_ma/label_180/C0024411.tif
ophtha_ma/img_180/C0024413.tif ophtha_ma/label_180/C0024413.tif
ophtha_ma/img_180/C0024414.tif ophtha_ma/label_180/C0024414.tif
ophtha_ma/img_180/C0024415.tif ophtha_ma/label_180/C0024415.tif
ophtha_ma/img_180/C0024418.tif ophtha_ma/label_180/C0024418.tif
ophtha_ma/img_180/C0024544.tif ophtha_ma/label_180/C0024544.tif
ophtha_ma/img_180/C0024545.tif ophtha_ma/label_180/C0024545.tif
ophtha_ma/img_180/C0025303.tif ophtha_ma/label_180/C0025303.tif
ophtha_ma/img_180/C0025305.tif ophtha_ma/label_180/C0025305.tif
ophtha_ma/img_180/C0025307.tif ophtha_ma/label_180/C0025307.tif
ophtha_ma/img_180/C0030395.tif ophtha_ma/label_180/C0030395.tif
ophtha_ma/img_180/C0030399.tif ophtha_ma/label_180/C0030399.tif
ophtha_ma/img_180/C0030692.tif ophtha_ma/label_180/C0030692.tif
ophtha_ma/img_180/C0030694.tif ophtha_ma/label_180/C0030694.tif
ophtha_ma/img_180/C0030734.tif ophtha_ma/label_180/C0030734.tif
ophtha_ma/img_180/C0030735.tif ophtha_ma/label_180/C0030735.tif
ophtha_ma/img_180/C0030737.tif ophtha_ma/label_180/C0030737.tif
ophtha_ma/img_180/C0032812.tif ophtha_ma/label_180/C0032812.tif
ophtha_ma/img_180/C0032814.tif ophtha_ma/label_180/C0032814.tif
ophtha_ma/img_180/C0032817.tif ophtha_ma/label_180/C0032817.tif
ophtha_ma/img_180/C0032886.tif ophtha_ma/label_180/C0032886.tif
ophtha_ma/img_180/DS00008G.tif ophtha_ma/label_180/DS00008G.tif
ophtha_ma/img_180/DS00008I.tif ophtha_ma/label_180/DS00008I.tif
ophtha_ma/img_180/DS00008J.tif ophtha_ma/label_180/DS00008J.tif
ophtha_ma/img_180/DS00076H.tif ophtha_ma/label_180/DS00076H.tif
ophtha_ma/img_180/DS00076I.tif ophtha_ma/label_180/DS00076I.tif
ophtha_ma/img_180/DS00091A.tif ophtha_ma/label_180/DS00091A.tif
ophtha_ma/img_180/DS00091B.tif ophtha_ma/label_180/DS00091B.tif
ophtha_ma/img_180/DS000B1H.tif ophtha_ma/label_180/DS000B1H.tif
ophtha_ma/img_180/DS000B1I.tif ophtha_ma/label_180/DS000B1I.tif
ophtha_ma/img_180/DS000B1J.tif ophtha_ma/label_180/DS000B1J.tif
ophtha_ma/img_180/DS000DBO.tif ophtha_ma/label_180/DS000DBO.tif
ophtha_ma/img_180/DS000DBP.tif ophtha_ma/label_180/DS000DBP.tif
ophtha_ma/img_180/DS000DBQ.tif ophtha_ma/label_180/DS000DBQ.tif
ophtha_ma/img_180/DS000DBR.tif ophtha_ma/label_180/DS000DBR.tif
ophtha_ma/img_180/DS000DGS.tif ophtha_ma/label_180/DS000DGS.tif
ophtha_ma/img_180/DS000DPJ.tif ophtha_ma/label_180/DS000DPJ.tif
ophtha_ma/img_180/DS000DPL.tif ophtha_ma/label_180/DS000DPL.tif
ophtha_ma/img_180/DS000E6N.tif ophtha_ma/label_180/DS000E6N.tif
ophtha_ma/img_180/DS000F4J.tif ophtha_ma/label_180/DS000F4J.tif
ophtha_ma/img_180/DS000F4K.tif ophtha_ma/label_180/DS000F4K.tif
ophtha_ma/img_180/DS000FBC.tif ophtha_ma/label_180/DS000FBC.tif
ophtha_ma/img_180/DS000FBD.tif ophtha_ma/label_180/DS000FBD.tif
ophtha_ma/img_180/DS000FBF.tif ophtha_ma/label_180/DS000FBF.tif
ophtha_ma/img_180/DS000FGD.tif ophtha_ma/label_180/DS000FGD.tif
ophtha_ma/img_180/DS000FGE.tif ophtha_ma/label_180/DS000FGE.tif
ophtha_ma/img_180/DS000FGF.tif ophtha_ma/label_180/DS000FGF.tif
ophtha_ma/img_180/DS000FMH.tif ophtha_ma/label_180/DS000FMH.tif
ophtha_ma/img_180/DS000FOK.tif ophtha_ma/label_180/DS000FOK.tif
ophtha_ma/img_180/DS000FOL.tif ophtha_ma/label_180/DS000FOL.tif
ophtha_ma/img_180/DS000FOM.tif ophtha_ma/label_180/DS000FOM.tif
ophtha_ma/img_180/DS000GH5.tif ophtha_ma/label_180/DS000GH5.tif
ophtha_ma/img_180/DS000GH6.tif ophtha_ma/label_180/DS000GH6.tif
ophtha_ma/img_180/DS000H04.tif ophtha_ma/label_180/DS000H04.tif
ophtha_ma/img_180/DS000HVE.tif ophtha_ma/label_180/DS000HVE.tif
ophtha_ma/img_180/DS000HVG.tif ophtha_ma/label_180/DS000HVG.tif
ophtha_ma/img_180/DS000HVH.tif ophtha_ma/label_180/DS000HVH.tif
ophtha_ma/img_180/DS000HVI.tif ophtha_ma/label_180/DS000HVI.tif
ophtha_ma/img_180/DS000HXJ.tif ophtha_ma/label_180/DS000HXJ.tif
ophtha_ma/img_180/DS000HXK.tif ophtha_ma/label_180/DS000HXK.tif
ophtha_ma/img_180/DS000HXL.tif ophtha_ma/label_180/DS000HXL.tif
ophtha_ma/img_180/DS000I6W.tif ophtha_ma/label_180/DS000I6W.tif
ophtha_ma/img_180/DS000I6X.tif ophtha_ma/label_180/DS000I6X.tif
ophtha_ma/img_180/DS000I6Z.tif ophtha_ma/label_180/DS000I6Z.tif
ophtha_ma/img_180/DS000N9X.tif ophtha_ma/label_180/DS000N9X.tif
ophtha_ma/img_180/DS000N9Y.tif ophtha_ma/label_180/DS000N9Y.tif
ophtha_ma/img_180/DS000N9Z.tif ophtha_ma/label_180/DS000N9Z.tif
ophtha_ma/img_180/DS000NA1.tif ophtha_ma/label_180/DS000NA1.tif
ophtha_ma/img_180/DS000OQB.tif ophtha_ma/label_180/DS000OQB.tif
ophtha_ma/img_180/DS000QA2.tif ophtha_ma/label_180/DS000QA2.tif
ophtha_ma/img_180/DS000STU.tif ophtha_ma/label_180/DS000STU.tif
ophtha_ma/img_180/DS000STW.tif ophtha_ma/label_180/DS000STW.tif
ophtha_ma/img_180/DS000TZ5.tif ophtha_ma/label_180/DS000TZ5.tif
ophtha_ma/img_180/DS000U30.tif ophtha_ma/label_180/DS000U30.tif
ophtha_ma/img_180/DS000U4U.tif ophtha_ma/label_180/DS000U4U.tif
ophtha_ma/img_180/DS000V1O.tif ophtha_ma/label_180/DS000V1O.tif
ophtha_ma/img_180/DS000V1R.tif ophtha_ma/label_180/DS000V1R.tif
ophtha_ma/img_180/DS000V6O.tif ophtha_ma/label_180/DS000V6O.tif
ophtha_ma/img_180/DS000V6S.tif ophtha_ma/label_180/DS000V6S.tif
ophtha_ma/img_180/DS000VCN.tif ophtha_ma/label_180/DS000VCN.tif
ophtha_ma/img_270/C0007237.tif ophtha_ma/label_270/C0007237.tif
ophtha_ma/img_270/C0007238.tif ophtha_ma/label_270/C0007238.tif
ophtha_ma/img_270/C0007239.tif ophtha_ma/label_270/C0007239.tif
ophtha_ma/img_270/C0007240.tif ophtha_ma/label_270/C0007240.tif
ophtha_ma/img_270/C0007245.tif ophtha_ma/label_270/C0007245.tif
ophtha_ma/img_270/C0007331.tif ophtha_ma/label_270/C0007331.tif
ophtha_ma/img_270/C0007333.tif ophtha_ma/label_270/C0007333.tif
ophtha_ma/img_270/C0008258.tif ophtha_ma/label_270/C0008258.tif
ophtha_ma/img_270/C0012623.tif ophtha_ma/label_270/C0012623.tif
ophtha_ma/img_270/C0014473.tif ophtha_ma/label_270/C0014473.tif
ophtha_ma/img_270/C0014475.tif ophtha_ma/label_270/C0014475.tif
ophtha_ma/img_270/C0014726.tif ophtha_ma/label_270/C0014726.tif
ophtha_ma/img_270/C0014727.tif ophtha_ma/label_270/C0014727.tif
ophtha_ma/img_270/C0014728.tif ophtha_ma/label_270/C0014728.tif
ophtha_ma/img_270/C0014729.tif ophtha_ma/label_270/C0014729.tif
ophtha_ma/img_270/C0014790.tif ophtha_ma/label_270/C0014790.tif
ophtha_ma/img_270/C0014793.tif ophtha_ma/label_270/C0014793.tif
ophtha_ma/img_270/C0018298.tif ophtha_ma/label_270/C0018298.tif
ophtha_ma/img_270/C0018299.tif ophtha_ma/label_270/C0018299.tif
ophtha_ma/img_270/C0018300.tif ophtha_ma/label_270/C0018300.tif
ophtha_ma/img_270/C0018301.tif ophtha_ma/label_270/C0018301.tif
ophtha_ma/img_270/C0019839.tif ophtha_ma/label_270/C0019839.tif
ophtha_ma/img_270/C0019840.tif ophtha_ma/label_270/C0019840.tif
ophtha_ma/img_270/C0019842.tif ophtha_ma/label_270/C0019842.tif
ophtha_ma/img_270/C0019916.tif ophtha_ma/label_270/C0019916.tif
ophtha_ma/img_270/C0021833.tif ophtha_ma/label_270/C0021833.tif
ophtha_ma/img_270/C0021835.tif ophtha_ma/label_270/C0021835.tif
ophtha_ma/img_270/C0022011.tif ophtha_ma/label_270/C0022011.tif
ophtha_ma/img_270/C0022681.tif ophtha_ma/label_270/C0022681.tif
ophtha_ma/img_270/C0022963.tif ophtha_ma/label_270/C0022963.tif
ophtha_ma/img_270/C0022966.tif ophtha_ma/label_270/C0022966.tif
ophtha_ma/img_270/C0024245.tif ophtha_ma/label_270/C0024245.tif
ophtha_ma/img_270/C0024250.tif ophtha_ma/label_270/C0024250.tif
ophtha_ma/img_270/C0024251.tif ophtha_ma/label_270/C0024251.tif
ophtha_ma/img_270/C0024252.tif ophtha_ma/label_270/C0024252.tif
ophtha_ma/img_270/C0024340.tif ophtha_ma/label_270/C0024340.tif
ophtha_ma/img_270/C0024341.tif ophtha_ma/label_270/C0024341.tif
ophtha_ma/img_270/C0024407.tif ophtha_ma/label_270/C0024407.tif
ophtha_ma/img_270/C0024408.tif ophtha_ma/label_270/C0024408.tif
ophtha_ma/img_270/C0024411.tif ophtha_ma/label_270/C0024411.tif
ophtha_ma/img_270/C0024413.tif ophtha_ma/label_270/C0024413.tif
ophtha_ma/img_270/C0024414.tif ophtha_ma/label_270/C0024414.tif
ophtha_ma/img_270/C0024415.tif ophtha_ma/label_270/C0024415.tif
ophtha_ma/img_270/C0024418.tif ophtha_ma/label_270/C0024418.tif
ophtha_ma/img_270/C0024544.tif ophtha_ma/label_270/C0024544.tif
ophtha_ma/img_270/C0024545.tif ophtha_ma/label_270/C0024545.tif
ophtha_ma/img_270/C0025303.tif ophtha_ma/label_270/C0025303.tif
ophtha_ma/img_270/C0025305.tif ophtha_ma/label_270/C0025305.tif
ophtha_ma/img_270/C0025307.tif ophtha_ma/label_270/C0025307.tif
ophtha_ma/img_270/C0030395.tif ophtha_ma/label_270/C0030395.tif
ophtha_ma/img_270/C0030399.tif ophtha_ma/label_270/C0030399.tif
ophtha_ma/img_270/C0030692.tif ophtha_ma/label_270/C0030692.tif
ophtha_ma/img_270/C0030694.tif ophtha_ma/label_270/C0030694.tif
ophtha_ma/img_270/C0030734.tif ophtha_ma/label_270/C0030734.tif
ophtha_ma/img_270/C0030735.tif ophtha_ma/label_270/C0030735.tif
ophtha_ma/img_270/C0030737.tif ophtha_ma/label_270/C0030737.tif
ophtha_ma/img_270/C0032812.tif ophtha_ma/label_270/C0032812.tif
ophtha_ma/img_270/C0032814.tif ophtha_ma/label_270/C0032814.tif
ophtha_ma/img_270/C0032817.tif ophtha_ma/label_270/C0032817.tif
ophtha_ma/img_270/C0032886.tif ophtha_ma/label_270/C0032886.tif
ophtha_ma/img_270/DS00008G.tif ophtha_ma/label_270/DS00008G.tif
ophtha_ma/img_270/DS00008I.tif ophtha_ma/label_270/DS00008I.tif
ophtha_ma/img_270/DS00008J.tif ophtha_ma/label_270/DS00008J.tif
ophtha_ma/img_270/DS00076H.tif ophtha_ma/label_270/DS00076H.tif
ophtha_ma/img_270/DS00076I.tif ophtha_ma/label_270/DS00076I.tif
ophtha_ma/img_270/DS00091A.tif ophtha_ma/label_270/DS00091A.tif
ophtha_ma/img_270/DS00091B.tif ophtha_ma/label_270/DS00091B.tif
ophtha_ma/img_270/DS000B1H.tif ophtha_ma/label_270/DS000B1H.tif
ophtha_ma/img_270/DS000B1I.tif ophtha_ma/label_270/DS000B1I.tif
ophtha_ma/img_270/DS000B1J.tif ophtha_ma/label_270/DS000B1J.tif
ophtha_ma/img_270/DS000DBO.tif ophtha_ma/label_270/DS000DBO.tif
ophtha_ma/img_270/DS000DBP.tif ophtha_ma/label_270/DS000DBP.tif
ophtha_ma/img_270/DS000DBQ.tif ophtha_ma/label_270/DS000DBQ.tif
ophtha_ma/img_270/DS000DBR.tif ophtha_ma/label_270/DS000DBR.tif
ophtha_ma/img_270/DS000DGS.tif ophtha_ma/label_270/DS000DGS.tif
ophtha_ma/img_270/DS000DPJ.tif ophtha_ma/label_270/DS000DPJ.tif
ophtha_ma/img_270/DS000DPL.tif ophtha_ma/label_270/DS000DPL.tif
ophtha_ma/img_270/DS000E6N.tif ophtha_ma/label_270/DS000E6N.tif
ophtha_ma/img_270/DS000F4J.tif ophtha_ma/label_270/DS000F4J.tif
ophtha_ma/img_270/DS000F4K.tif ophtha_ma/label_270/DS000F4K.tif
ophtha_ma/img_270/DS000FBC.tif ophtha_ma/label_270/DS000FBC.tif
ophtha_ma/img_270/DS000FBD.tif ophtha_ma/label_270/DS000FBD.tif
ophtha_ma/img_270/DS000FBF.tif ophtha_ma/label_270/DS000FBF.tif
ophtha_ma/img_270/DS000FGD.tif ophtha_ma/label_270/DS000FGD.tif
ophtha_ma/img_270/DS000FGE.tif ophtha_ma/label_270/DS000FGE.tif
ophtha_ma/img_270/DS000FGF.tif ophtha_ma/label_270/DS000FGF.tif
ophtha_ma/img_270/DS000FMH.tif ophtha_ma/label_270/DS000FMH.tif
ophtha_ma/img_270/DS000FOK.tif ophtha_ma/label_270/DS000FOK.tif
ophtha_ma/img_270/DS000FOL.tif ophtha_ma/label_270/DS000FOL.tif
ophtha_ma/img_270/DS000FOM.tif ophtha_ma/label_270/DS000FOM.tif
ophtha_ma/img_270/DS000GH5.tif ophtha_ma/label_270/DS000GH5.tif
ophtha_ma/img_270/DS000GH6.tif ophtha_ma/label_270/DS000GH6.tif
ophtha_ma/img_270/DS000H04.tif ophtha_ma/label_270/DS000H04.tif
ophtha_ma/img_270/DS000HVE.tif ophtha_ma/label_270/DS000HVE.tif
ophtha_ma/img_270/DS000HVG.tif ophtha_ma/label_270/DS000HVG.tif
ophtha_ma/img_270/DS000HVH.tif ophtha_ma/label_270/DS000HVH.tif
ophtha_ma/img_270/DS000HVI.tif ophtha_ma/label_270/DS000HVI.tif
ophtha_ma/img_270/DS000HXJ.tif ophtha_ma/label_270/DS000HXJ.tif
ophtha_ma/img_270/DS000HXK.tif ophtha_ma/label_270/DS000HXK.tif
ophtha_ma/img_270/DS000HXL.tif ophtha_ma/label_270/DS000HXL.tif
ophtha_ma/img_270/DS000I6W.tif ophtha_ma/label_270/DS000I6W.tif
ophtha_ma/img_270/DS000I6X.tif ophtha_ma/label_270/DS000I6X.tif
ophtha_ma/img_270/DS000I6Z.tif ophtha_ma/label_270/DS000I6Z.tif
ophtha_ma/img_270/DS000N9X.tif ophtha_ma/label_270/DS000N9X.tif
ophtha_ma/img_270/DS000N9Y.tif ophtha_ma/label_270/DS000N9Y.tif
ophtha_ma/img_270/DS000N9Z.tif ophtha_ma/label_270/DS000N9Z.tif
ophtha_ma/img_270/DS000NA1.tif ophtha_ma/label_270/DS000NA1.tif
ophtha_ma/img_270/DS000OQB.tif ophtha_ma/label_270/DS000OQB.tif
ophtha_ma/img_270/DS000QA2.tif ophtha_ma/label_270/DS000QA2.tif
ophtha_ma/img_270/DS000STU.tif ophtha_ma/label_270/DS000STU.tif
ophtha_ma/img_270/DS000STW.tif ophtha_ma/label_270/DS000STW.tif
ophtha_ma/img_270/DS000TZ5.tif ophtha_ma/label_270/DS000TZ5.tif
ophtha_ma/img_270/DS000U30.tif ophtha_ma/label_270/DS000U30.tif
ophtha_ma/img_270/DS000U4U.tif ophtha_ma/label_270/DS000U4U.tif
ophtha_ma/img_270/DS000V1O.tif ophtha_ma/label_270/DS000V1O.tif
ophtha_ma/img_270/DS000V1R.tif ophtha_ma/label_270/DS000V1R.tif
ophtha_ma/img_270/DS000V6O.tif ophtha_ma/label_270/DS000V6O.tif
ophtha_ma/img_270/DS000V6S.tif ophtha_ma/label_270/DS000V6S.tif
ophtha_ma/img_270/DS000VCN.tif ophtha_ma/label_270/DS000VCN.tif
ophtha_ma/img_mirror1/C0007237.tif ophtha_ma/label_mirror1/C0007237.tif
ophtha_ma/img_mirror1/C0007238.tif ophtha_ma/label_mirror1/C0007238.tif
ophtha_ma/img_mirror1/C0007239.tif ophtha_ma/label_mirror1/C0007239.tif
ophtha_ma/img_mirror1/C0007240.tif ophtha_ma/label_mirror1/C0007240.tif
ophtha_ma/img_mirror1/C0007245.tif ophtha_ma/label_mirror1/C0007245.tif
ophtha_ma/img_mirror1/C0007331.tif ophtha_ma/label_mirror1/C0007331.tif
ophtha_ma/img_mirror1/C0007333.tif ophtha_ma/label_mirror1/C0007333.tif
ophtha_ma/img_mirror1/C0008258.tif ophtha_ma/label_mirror1/C0008258.tif
ophtha_ma/img_mirror1/C0012623.tif ophtha_ma/label_mirror1/C0012623.tif
ophtha_ma/img_mirror1/C0014473.tif ophtha_ma/label_mirror1/C0014473.tif
ophtha_ma/img_mirror1/C0014475.tif ophtha_ma/label_mirror1/C0014475.tif
ophtha_ma/img_mirror1/C0014726.tif ophtha_ma/label_mirror1/C0014726.tif
ophtha_ma/img_mirror1/C0014727.tif ophtha_ma/label_mirror1/C0014727.tif
ophtha_ma/img_mirror1/C0014728.tif ophtha_ma/label_mirror1/C0014728.tif
ophtha_ma/img_mirror1/C0014729.tif ophtha_ma/label_mirror1/C0014729.tif
ophtha_ma/img_mirror1/C0014790.tif ophtha_ma/label_mirror1/C0014790.tif
ophtha_ma/img_mirror1/C0014793.tif ophtha_ma/label_mirror1/C0014793.tif
ophtha_ma/img_mirror1/C0018298.tif ophtha_ma/label_mirror1/C0018298.tif
ophtha_ma/img_mirror1/C0018299.tif ophtha_ma/label_mirror1/C0018299.tif
ophtha_ma/img_mirror1/C0018300.tif ophtha_ma/label_mirror1/C0018300.tif
ophtha_ma/img_mirror1/C0018301.tif ophtha_ma/label_mirror1/C0018301.tif
ophtha_ma/img_mirror1/C0019839.tif ophtha_ma/label_mirror1/C0019839.tif
ophtha_ma/img_mirror1/C0019840.tif ophtha_ma/label_mirror1/C0019840.tif
ophtha_ma/img_mirror1/C0019842.tif ophtha_ma/label_mirror1/C0019842.tif
ophtha_ma/img_mirror1/C0019916.tif ophtha_ma/label_mirror1/C0019916.tif
ophtha_ma/img_mirror1/C0021833.tif ophtha_ma/label_mirror1/C0021833.tif
ophtha_ma/img_mirror1/C0021835.tif ophtha_ma/label_mirror1/C0021835.tif
ophtha_ma/img_mirror1/C0022011.tif ophtha_ma/label_mirror1/C0022011.tif
ophtha_ma/img_mirror1/C0022681.tif ophtha_ma/label_mirror1/C0022681.tif
ophtha_ma/img_mirror1/C0022963.tif ophtha_ma/label_mirror1/C0022963.tif
ophtha_ma/img_mirror1/C0022966.tif ophtha_ma/label_mirror1/C0022966.tif
ophtha_ma/img_mirror1/C0024245.tif ophtha_ma/label_mirror1/C0024245.tif
ophtha_ma/img_mirror1/C0024250.tif ophtha_ma/label_mirror1/C0024250.tif
ophtha_ma/img_mirror1/C0024251.tif ophtha_ma/label_mirror1/C0024251.tif
ophtha_ma/img_mirror1/C0024252.tif ophtha_ma/label_mirror1/C0024252.tif
ophtha_ma/img_mirror1/C0024340.tif ophtha_ma/label_mirror1/C0024340.tif
ophtha_ma/img_mirror1/C0024341.tif ophtha_ma/label_mirror1/C0024341.tif
ophtha_ma/img_mirror1/C0024407.tif ophtha_ma/label_mirror1/C0024407.tif
ophtha_ma/img_mirror1/C0024408.tif ophtha_ma/label_mirror1/C0024408.tif
ophtha_ma/img_mirror1/C0024411.tif ophtha_ma/label_mirror1/C0024411.tif
ophtha_ma/img_mirror1/C0024413.tif ophtha_ma/label_mirror1/C0024413.tif
ophtha_ma/img_mirror1/C0024414.tif ophtha_ma/label_mirror1/C0024414.tif
ophtha_ma/img_mirror1/C0024415.tif ophtha_ma/label_mirror1/C0024415.tif
ophtha_ma/img_mirror1/C0024418.tif ophtha_ma/label_mirror1/C0024418.tif
ophtha_ma/img_mirror1/C0024544.tif ophtha_ma/label_mirror1/C0024544.tif
ophtha_ma/img_mirror1/C0024545.tif ophtha_ma/label_mirror1/C0024545.tif
ophtha_ma/img_mirror1/C0025303.tif ophtha_ma/label_mirror1/C0025303.tif
ophtha_ma/img_mirror1/C0025305.tif ophtha_ma/label_mirror1/C0025305.tif
ophtha_ma/img_mirror1/C0025307.tif ophtha_ma/label_mirror1/C0025307.tif
ophtha_ma/img_mirror1/C0030395.tif ophtha_ma/label_mirror1/C0030395.tif
ophtha_ma/img_mirror1/C0030399.tif ophtha_ma/label_mirror1/C0030399.tif
ophtha_ma/img_mirror1/C0030692.tif ophtha_ma/label_mirror1/C0030692.tif
ophtha_ma/img_mirror1/C0030694.tif ophtha_ma/label_mirror1/C0030694.tif
ophtha_ma/img_mirror1/C0030734.tif ophtha_ma/label_mirror1/C0030734.tif
ophtha_ma/img_mirror1/C0030735.tif ophtha_ma/label_mirror1/C0030735.tif
ophtha_ma/img_mirror1/C0030737.tif ophtha_ma/label_mirror1/C0030737.tif
ophtha_ma/img_mirror1/C0032812.tif ophtha_ma/label_mirror1/C0032812.tif
ophtha_ma/img_mirror1/C0032814.tif ophtha_ma/label_mirror1/C0032814.tif
ophtha_ma/img_mirror1/C0032817.tif ophtha_ma/label_mirror1/C0032817.tif
ophtha_ma/img_mirror1/C0032886.tif ophtha_ma/label_mirror1/C0032886.tif
ophtha_ma/img_mirror1/DS00008G.tif ophtha_ma/label_mirror1/DS00008G.tif
ophtha_ma/img_mirror1/DS00008I.tif ophtha_ma/label_mirror1/DS00008I.tif
ophtha_ma/img_mirror1/DS00008J.tif ophtha_ma/label_mirror1/DS00008J.tif
ophtha_ma/img_mirror1/DS00076H.tif ophtha_ma/label_mirror1/DS00076H.tif
ophtha_ma/img_mirror1/DS00076I.tif ophtha_ma/label_mirror1/DS00076I.tif
ophtha_ma/img_mirror1/DS00091A.tif ophtha_ma/label_mirror1/DS00091A.tif
ophtha_ma/img_mirror1/DS00091B.tif ophtha_ma/label_mirror1/DS00091B.tif
ophtha_ma/img_mirror1/DS000B1H.tif ophtha_ma/label_mirror1/DS000B1H.tif
ophtha_ma/img_mirror1/DS000B1I.tif ophtha_ma/label_mirror1/DS000B1I.tif
ophtha_ma/img_mirror1/DS000B1J.tif ophtha_ma/label_mirror1/DS000B1J.tif
ophtha_ma/img_mirror1/DS000DBO.tif ophtha_ma/label_mirror1/DS000DBO.tif
ophtha_ma/img_mirror1/DS000DBP.tif ophtha_ma/label_mirror1/DS000DBP.tif
ophtha_ma/img_mirror1/DS000DBQ.tif ophtha_ma/label_mirror1/DS000DBQ.tif
ophtha_ma/img_mirror1/DS000DBR.tif ophtha_ma/label_mirror1/DS000DBR.tif
ophtha_ma/img_mirror1/DS000DGS.tif ophtha_ma/label_mirror1/DS000DGS.tif
ophtha_ma/img_mirror1/DS000DPJ.tif ophtha_ma/label_mirror1/DS000DPJ.tif
ophtha_ma/img_mirror1/DS000DPL.tif ophtha_ma/label_mirror1/DS000DPL.tif
ophtha_ma/img_mirror1/DS000E6N.tif ophtha_ma/label_mirror1/DS000E6N.tif
ophtha_ma/img_mirror1/DS000F4J.tif ophtha_ma/label_mirror1/DS000F4J.tif
ophtha_ma/img_mirror1/DS000F4K.tif ophtha_ma/label_mirror1/DS000F4K.tif
ophtha_ma/img_mirror1/DS000FBC.tif ophtha_ma/label_mirror1/DS000FBC.tif
ophtha_ma/img_mirror1/DS000FBD.tif ophtha_ma/label_mirror1/DS000FBD.tif
ophtha_ma/img_mirror1/DS000FBF.tif ophtha_ma/label_mirror1/DS000FBF.tif
ophtha_ma/img_mirror1/DS000FGD.tif ophtha_ma/label_mirror1/DS000FGD.tif
ophtha_ma/img_mirror1/DS000FGE.tif ophtha_ma/label_mirror1/DS000FGE.tif
ophtha_ma/img_mirror1/DS000FGF.tif ophtha_ma/label_mirror1/DS000FGF.tif
ophtha_ma/img_mirror1/DS000FMH.tif ophtha_ma/label_mirror1/DS000FMH.tif
ophtha_ma/img_mirror1/DS000FOK.tif ophtha_ma/label_mirror1/DS000FOK.tif
ophtha_ma/img_mirror1/DS000FOL.tif ophtha_ma/label_mirror1/DS000FOL.tif
ophtha_ma/img_mirror1/DS000FOM.tif ophtha_ma/label_mirror1/DS000FOM.tif
ophtha_ma/img_mirror1/DS000GH5.tif ophtha_ma/label_mirror1/DS000GH5.tif
ophtha_ma/img_mirror1/DS000GH6.tif ophtha_ma/label_mirror1/DS000GH6.tif
ophtha_ma/img_mirror1/DS000H04.tif ophtha_ma/label_mirror1/DS000H04.tif
ophtha_ma/img_mirror1/DS000HVE.tif ophtha_ma/label_mirror1/DS000HVE.tif
ophtha_ma/img_mirror1/DS000HVG.tif ophtha_ma/label_mirror1/DS000HVG.tif
ophtha_ma/img_mirror1/DS000HVH.tif ophtha_ma/label_mirror1/DS000HVH.tif
ophtha_ma/img_mirror1/DS000HVI.tif ophtha_ma/label_mirror1/DS000HVI.tif
ophtha_ma/img_mirror1/DS000HXJ.tif ophtha_ma/label_mirror1/DS000HXJ.tif
ophtha_ma/img_mirror1/DS000HXK.tif ophtha_ma/label_mirror1/DS000HXK.tif
ophtha_ma/img_mirror1/DS000HXL.tif ophtha_ma/label_mirror1/DS000HXL.tif
ophtha_ma/img_mirror1/DS000I6W.tif ophtha_ma/label_mirror1/DS000I6W.tif
ophtha_ma/img_mirror1/DS000I6X.tif ophtha_ma/label_mirror1/DS000I6X.tif
ophtha_ma/img_mirror1/DS000I6Z.tif ophtha_ma/label_mirror1/DS000I6Z.tif
ophtha_ma/img_mirror1/DS000N9X.tif ophtha_ma/label_mirror1/DS000N9X.tif
ophtha_ma/img_mirror1/DS000N9Y.tif ophtha_ma/label_mirror1/DS000N9Y.tif
ophtha_ma/img_mirror1/DS000N9Z.tif ophtha_ma/label_mirror1/DS000N9Z.tif
ophtha_ma/img_mirror1/DS000NA1.tif ophtha_ma/label_mirror1/DS000NA1.tif
ophtha_ma/img_mirror1/DS000OQB.tif ophtha_ma/label_mirror1/DS000OQB.tif
ophtha_ma/img_mirror1/DS000QA2.tif ophtha_ma/label_mirror1/DS000QA2.tif
ophtha_ma/img_mirror1/DS000STU.tif ophtha_ma/label_mirror1/DS000STU.tif
ophtha_ma/img_mirror1/DS000STW.tif ophtha_ma/label_mirror1/DS000STW.tif
ophtha_ma/img_mirror1/DS000TZ5.tif ophtha_ma/label_mirror1/DS000TZ5.tif
ophtha_ma/img_mirror1/DS000U30.tif ophtha_ma/label_mirror1/DS000U30.tif
ophtha_ma/img_mirror1/DS000U4U.tif ophtha_ma/label_mirror1/DS000U4U.tif
ophtha_ma/img_mirror1/DS000V1O.tif ophtha_ma/label_mirror1/DS000V1O.tif
ophtha_ma/img_mirror1/DS000V1R.tif ophtha_ma/label_mirror1/DS000V1R.tif
ophtha_ma/img_mirror1/DS000V6O.tif ophtha_ma/label_mirror1/DS000V6O.tif
ophtha_ma/img_mirror1/DS000V6S.tif ophtha_ma/label_mirror1/DS000V6S.tif
ophtha_ma/img_mirror1/DS000VCN.tif ophtha_ma/label_mirror1/DS000VCN.tif
ophtha_ma/img_mirror2/C0007237.tif ophtha_ma/label_mirror2/C0007237.tif
ophtha_ma/img_mirror2/C0007238.tif ophtha_ma/label_mirror2/C0007238.tif
ophtha_ma/img_mirror2/C0007239.tif ophtha_ma/label_mirror2/C0007239.tif
ophtha_ma/img_mirror2/C0007240.tif ophtha_ma/label_mirror2/C0007240.tif
ophtha_ma/img_mirror2/C0007245.tif ophtha_ma/label_mirror2/C0007245.tif
ophtha_ma/img_mirror2/C0007331.tif ophtha_ma/label_mirror2/C0007331.tif
ophtha_ma/img_mirror2/C0007333.tif ophtha_ma/label_mirror2/C0007333.tif
ophtha_ma/img_mirror2/C0008258.tif ophtha_ma/label_mirror2/C0008258.tif
ophtha_ma/img_mirror2/C0012623.tif ophtha_ma/label_mirror2/C0012623.tif
ophtha_ma/img_mirror2/C0014473.tif ophtha_ma/label_mirror2/C0014473.tif
ophtha_ma/img_mirror2/C0014475.tif ophtha_ma/label_mirror2/C0014475.tif
ophtha_ma/img_mirror2/C0014726.tif ophtha_ma/label_mirror2/C0014726.tif
ophtha_ma/img_mirror2/C0014727.tif ophtha_ma/label_mirror2/C0014727.tif
ophtha_ma/img_mirror2/C0014728.tif ophtha_ma/label_mirror2/C0014728.tif
ophtha_ma/img_mirror2/C0014729.tif ophtha_ma/label_mirror2/C0014729.tif
ophtha_ma/img_mirror2/C0014790.tif ophtha_ma/label_mirror2/C0014790.tif
ophtha_ma/img_mirror2/C0014793.tif ophtha_ma/label_mirror2/C0014793.tif
ophtha_ma/img_mirror2/C0018298.tif ophtha_ma/label_mirror2/C0018298.tif
ophtha_ma/img_mirror2/C0018299.tif ophtha_ma/label_mirror2/C0018299.tif
ophtha_ma/img_mirror2/C0018300.tif ophtha_ma/label_mirror2/C0018300.tif
ophtha_ma/img_mirror2/C0018301.tif ophtha_ma/label_mirror2/C0018301.tif
ophtha_ma/img_mirror2/C0019839.tif ophtha_ma/label_mirror2/C0019839.tif
ophtha_ma/img_mirror2/C0019840.tif ophtha_ma/label_mirror2/C0019840.tif
ophtha_ma/img_mirror2/C0019842.tif ophtha_ma/label_mirror2/C0019842.tif
ophtha_ma/img_mirror2/C0019916.tif ophtha_ma/label_mirror2/C0019916.tif
ophtha_ma/img_mirror2/C0021833.tif ophtha_ma/label_mirror2/C0021833.tif
ophtha_ma/img_mirror2/C0021835.tif ophtha_ma/label_mirror2/C0021835.tif
ophtha_ma/img_mirror2/C0022011.tif ophtha_ma/label_mirror2/C0022011.tif
ophtha_ma/img_mirror2/C0022681.tif ophtha_ma/label_mirror2/C0022681.tif
ophtha_ma/img_mirror2/C0022963.tif ophtha_ma/label_mirror2/C0022963.tif
ophtha_ma/img_mirror2/C0022966.tif ophtha_ma/label_mirror2/C0022966.tif
ophtha_ma/img_mirror2/C0024245.tif ophtha_ma/label_mirror2/C0024245.tif
ophtha_ma/img_mirror2/C0024250.tif ophtha_ma/label_mirror2/C0024250.tif
ophtha_ma/img_mirror2/C0024251.tif ophtha_ma/label_mirror2/C0024251.tif
ophtha_ma/img_mirror2/C0024252.tif ophtha_ma/label_mirror2/C0024252.tif
ophtha_ma/img_mirror2/C0024340.tif ophtha_ma/label_mirror2/C0024340.tif
ophtha_ma/img_mirror2/C0024341.tif ophtha_ma/label_mirror2/C0024341.tif
ophtha_ma/img_mirror2/C0024407.tif ophtha_ma/label_mirror2/C0024407.tif
ophtha_ma/img_mirror2/C0024408.tif ophtha_ma/label_mirror2/C0024408.tif
ophtha_ma/img_mirror2/C0024411.tif ophtha_ma/label_mirror2/C0024411.tif
ophtha_ma/img_mirror2/C0024413.tif ophtha_ma/label_mirror2/C0024413.tif
ophtha_ma/img_mirror2/C0024414.tif ophtha_ma/label_mirror2/C0024414.tif
ophtha_ma/img_mirror2/C0024415.tif ophtha_ma/label_mirror2/C0024415.tif
ophtha_ma/img_mirror2/C0024418.tif ophtha_ma/label_mirror2/C0024418.tif
ophtha_ma/img_mirror2/C0024544.tif ophtha_ma/label_mirror2/C0024544.tif
ophtha_ma/img_mirror2/C0024545.tif ophtha_ma/label_mirror2/C0024545.tif
ophtha_ma/img_mirror2/C0025303.tif ophtha_ma/label_mirror2/C0025303.tif
ophtha_ma/img_mirror2/C0025305.tif ophtha_ma/label_mirror2/C0025305.tif
ophtha_ma/img_mirror2/C0025307.tif ophtha_ma/label_mirror2/C0025307.tif
ophtha_ma/img_mirror2/C0030395.tif ophtha_ma/label_mirror2/C0030395.tif
ophtha_ma/img_mirror2/C0030399.tif ophtha_ma/label_mirror2/C0030399.tif
ophtha_ma/img_mirror2/C0030692.tif ophtha_ma/label_mirror2/C0030692.tif
ophtha_ma/img_mirror2/C0030694.tif ophtha_ma/label_mirror2/C0030694.tif
ophtha_ma/img_mirror2/C0030734.tif ophtha_ma/label_mirror2/C0030734.tif
ophtha_ma/img_mirror2/C0030735.tif ophtha_ma/label_mirror2/C0030735.tif
ophtha_ma/img_mirror2/C0030737.tif ophtha_ma/label_mirror2/C0030737.tif
ophtha_ma/img_mirror2/C0032812.tif ophtha_ma/label_mirror2/C0032812.tif
ophtha_ma/img_mirror2/C0032814.tif ophtha_ma/label_mirror2/C0032814.tif
ophtha_ma/img_mirror2/C0032817.tif ophtha_ma/label_mirror2/C0032817.tif
ophtha_ma/img_mirror2/C0032886.tif ophtha_ma/label_mirror2/C0032886.tif
ophtha_ma/img_mirror2/DS00008G.tif ophtha_ma/label_mirror2/DS00008G.tif
ophtha_ma/img_mirror2/DS00008I.tif ophtha_ma/label_mirror2/DS00008I.tif
ophtha_ma/img_mirror2/DS00008J.tif ophtha_ma/label_mirror2/DS00008J.tif
ophtha_ma/img_mirror2/DS00076H.tif ophtha_ma/label_mirror2/DS00076H.tif
ophtha_ma/img_mirror2/DS00076I.tif ophtha_ma/label_mirror2/DS00076I.tif
ophtha_ma/img_mirror2/DS00091A.tif ophtha_ma/label_mirror2/DS00091A.tif
ophtha_ma/img_mirror2/DS00091B.tif ophtha_ma/label_mirror2/DS00091B.tif
ophtha_ma/img_mirror2/DS000B1H.tif ophtha_ma/label_mirror2/DS000B1H.tif
ophtha_ma/img_mirror2/DS000B1I.tif ophtha_ma/label_mirror2/DS000B1I.tif
ophtha_ma/img_mirror2/DS000B1J.tif ophtha_ma/label_mirror2/DS000B1J.tif
ophtha_ma/img_mirror2/DS000DBO.tif ophtha_ma/label_mirror2/DS000DBO.tif
ophtha_ma/img_mirror2/DS000DBP.tif ophtha_ma/label_mirror2/DS000DBP.tif
ophtha_ma/img_mirror2/DS000DBQ.tif ophtha_ma/label_mirror2/DS000DBQ.tif
ophtha_ma/img_mirror2/DS000DBR.tif ophtha_ma/label_mirror2/DS000DBR.tif
ophtha_ma/img_mirror2/DS000DGS.tif ophtha_ma/label_mirror2/DS000DGS.tif
ophtha_ma/img_mirror2/DS000DPJ.tif ophtha_ma/label_mirror2/DS000DPJ.tif
ophtha_ma/img_mirror2/DS000DPL.tif ophtha_ma/label_mirror2/DS000DPL.tif
ophtha_ma/img_mirror2/DS000E6N.tif ophtha_ma/label_mirror2/DS000E6N.tif
ophtha_ma/img_mirror2/DS000F4J.tif ophtha_ma/label_mirror2/DS000F4J.tif
ophtha_ma/img_mirror2/DS000F4K.tif ophtha_ma/label_mirror2/DS000F4K.tif
ophtha_ma/img_mirror2/DS000FBC.tif ophtha_ma/label_mirror2/DS000FBC.tif
ophtha_ma/img_mirror2/DS000FBD.tif ophtha_ma/label_mirror2/DS000FBD.tif
ophtha_ma/img_mirror2/DS000FBF.tif ophtha_ma/label_mirror2/DS000FBF.tif
ophtha_ma/img_mirror2/DS000FGD.tif ophtha_ma/label_mirror2/DS000FGD.tif
ophtha_ma/img_mirror2/DS000FGE.tif ophtha_ma/label_mirror2/DS000FGE.tif
ophtha_ma/img_mirror2/DS000FGF.tif ophtha_ma/label_mirror2/DS000FGF.tif
ophtha_ma/img_mirror2/DS000FMH.tif ophtha_ma/label_mirror2/DS000FMH.tif
ophtha_ma/img_mirror2/DS000FOK.tif ophtha_ma/label_mirror2/DS000FOK.tif
ophtha_ma/img_mirror2/DS000FOL.tif ophtha_ma/label_mirror2/DS000FOL.tif
ophtha_ma/img_mirror2/DS000FOM.tif ophtha_ma/label_mirror2/DS000FOM.tif
ophtha_ma/img_mirror2/DS000GH5.tif ophtha_ma/label_mirror2/DS000GH5.tif
ophtha_ma/img_mirror2/DS000GH6.tif ophtha_ma/label_mirror2/DS000GH6.tif
ophtha_ma/img_mirror2/DS000H04.tif ophtha_ma/label_mirror2/DS000H04.tif
ophtha_ma/img_mirror2/DS000HVE.tif ophtha_ma/label_mirror2/DS000HVE.tif
ophtha_ma/img_mirror2/DS000HVG.tif ophtha_ma/label_mirror2/DS000HVG.tif
ophtha_ma/img_mirror2/DS000HVH.tif ophtha_ma/label_mirror2/DS000HVH.tif
ophtha_ma/img_mirror2/DS000HVI.tif ophtha_ma/label_mirror2/DS000HVI.tif
ophtha_ma/img_mirror2/DS000HXJ.tif ophtha_ma/label_mirror2/DS000HXJ.tif
ophtha_ma/img_mirror2/DS000HXK.tif ophtha_ma/label_mirror2/DS000HXK.tif
ophtha_ma/img_mirror2/DS000HXL.tif ophtha_ma/label_mirror2/DS000HXL.tif
ophtha_ma/img_mirror2/DS000I6W.tif ophtha_ma/label_mirror2/DS000I6W.tif
ophtha_ma/img_mirror2/DS000I6X.tif ophtha_ma/label_mirror2/DS000I6X.tif
ophtha_ma/img_mirror2/DS000I6Z.tif ophtha_ma/label_mirror2/DS000I6Z.tif
ophtha_ma/img_mirror2/DS000N9X.tif ophtha_ma/label_mirror2/DS000N9X.tif
ophtha_ma/img_mirror2/DS000N9Y.tif ophtha_ma/label_mirror2/DS000N9Y.tif
ophtha_ma/img_mirror2/DS000N9Z.tif ophtha_ma/label_mirror2/DS000N9Z.tif
ophtha_ma/img_mirror2/DS000NA1.tif ophtha_ma/label_mirror2/DS000NA1.tif
ophtha_ma/img_mirror2/DS000OQB.tif ophtha_ma/label_mirror2/DS000OQB.tif
ophtha_ma/img_mirror2/DS000QA2.tif ophtha_ma/label_mirror2/DS000QA2.tif
ophtha_ma/img_mirror2/DS000STU.tif ophtha_ma/label_mirror2/DS000STU.tif
ophtha_ma/img_mirror2/DS000STW.tif ophtha_ma/label_mirror2/DS000STW.tif
ophtha_ma/img_mirror2/DS000TZ5.tif ophtha_ma/label_mirror2/DS000TZ5.tif
ophtha_ma/img_mirror2/DS000U30.tif ophtha_ma/label_mirror2/DS000U30.tif
ophtha_ma/img_mirror2/DS000U4U.tif ophtha_ma/label_mirror2/DS000U4U.tif
ophtha_ma/img_mirror2/DS000V1O.tif ophtha_ma/label_mirror2/DS000V1O.tif
ophtha_ma/img_mirror2/DS000V1R.tif ophtha_ma/label_mirror2/DS000V1R.tif
ophtha_ma/img_mirror2/DS000V6O.tif ophtha_ma/label_mirror2/DS000V6O.tif
ophtha_ma/img_mirror2/DS000V6S.tif ophtha_ma/label_mirror2/DS000V6S.tif
ophtha_ma/img_mirror2/DS000VCN.tif ophtha_ma/label_mirror2/DS000VCN.tif
